2020Mar21-17:16:26 root DEBUG Hello world!
2020Mar21-17:16:26 root INFO cpu:0.0% mem:svmem(total=8135680000, available=1695731712, percent=79.2, used=6439948288, free=1695731712) 
2020Mar21-17:16:26 root INFO cpu:0.0% mem:svmem(total=8135680000, available=1695703040, percent=79.2, used=6439976960, free=1695703040) 
2020Mar21-17:16:26 root INFO cpu:0.0% mem:svmem(total=8135680000, available=1695703040, percent=79.2, used=6439976960, free=1695703040) 
2020Mar21-17:16:26 root INFO cpu:0.0% mem:svmem(total=8135680000, available=1695703040, percent=79.2, used=6439976960, free=1695703040) 
2020Mar21-17:16:26 root INFO cpu:0.0% mem:svmem(total=8135680000, available=1695703040, percent=79.2, used=6439976960, free=1695703040) 
2020Mar21-17:16:26 root INFO cpu:0.0% mem:svmem(total=8135680000, available=1695703040, percent=79.2, used=6439976960, free=1695703040) 
2020Mar21-17:16:26 root INFO cpu:0.0% mem:svmem(total=8135680000, available=1695703040, percent=79.2, used=6439976960, free=1695703040) 
2020Mar21-17:16:26 root INFO cpu:0.0% mem:svmem(total=8135680000, available=1695703040, percent=79.2, used=6439976960, free=1695703040) 
2020Mar21-17:16:26 root INFO cpu:0.0% mem:svmem(total=8135680000, available=1695703040, percent=79.2, used=6439976960, free=1695703040) 
2020Mar21-17:16:26 root INFO cpu:0.0% mem:svmem(total=8135680000, available=1695703040, percent=79.2, used=6439976960, free=1695703040) 
2020Mar21-17:16:26 root INFO cpu:0.0% mem:svmem(total=8135680000, available=1695703040, percent=79.2, used=6439976960, free=1695703040) 
2020Mar21-17:16:26 root INFO cpu:0.0% mem:svmem(total=8135680000, available=1695703040, percent=79.2, used=6439976960, free=1695703040) 
2020Mar21-17:16:26 root INFO cpu:0.0% mem:svmem(total=8135680000, available=1695703040, percent=79.2, used=6439976960, free=1695703040) 
2020Mar21-17:16:26 root INFO cpu:0.0% mem:svmem(total=8135680000, available=1695703040, percent=79.2, used=6439976960, free=1695703040) 
2020Mar21-17:16:26 root INFO cpu:0.0% mem:svmem(total=8135680000, available=1695703040, percent=79.2, used=6439976960, free=1695703040) 
2020Mar21-17:16:26 root INFO cpu:0.0% mem:svmem(total=8135680000, available=1695703040, percent=79.2, used=6439976960, free=1695703040) 
2020Mar21-17:16:26 root INFO cpu:0.0% mem:svmem(total=8135680000, available=1695703040, percent=79.2, used=6439976960, free=1695703040) 
2020Mar21-17:16:26 root INFO cpu:0.0% mem:svmem(total=8135680000, available=1695703040, percent=79.2, used=6439976960, free=1695703040) 
2020Mar21-17:16:26 root INFO cpu:0.0% mem:svmem(total=8135680000, available=1695703040, percent=79.2, used=6439976960, free=1695703040) 
2020Mar21-17:16:26 root INFO cpu:0.0% mem:svmem(total=8135680000, available=1695703040, percent=79.2, used=6439976960, free=1695703040) 
2020Mar21-17:16:26 root INFO cpu:0.0% mem:svmem(total=8135680000, available=1695703040, percent=79.2, used=6439976960, free=1695703040) 
2020Mar21-17:16:26 root INFO cpu:0.0% mem:svmem(total=8135680000, available=1695703040, percent=79.2, used=6439976960, free=1695703040) 
2020Mar21-17:16:26 root INFO cpu:100.0% mem:svmem(total=8135680000, available=1695703040, percent=79.2, used=6439976960, free=1695703040) 
2020Mar21-17:16:26 root INFO cpu:0.0% mem:svmem(total=8135680000, available=1695703040, percent=79.2, used=6439976960, free=1695703040) 
2020Mar21-17:16:26 root INFO cpu:0.0% mem:svmem(total=8135680000, available=1695703040, percent=79.2, used=6439976960, free=1695703040) 
2020Mar21-17:16:26 root INFO cpu:0.0% mem:svmem(total=8135680000, available=1695703040, percent=79.2, used=6439976960, free=1695703040) 
2020Mar21-17:16:26 root INFO cpu:0.0% mem:svmem(total=8135680000, available=1695703040, percent=79.2, used=6439976960, free=1695703040) 
2020Mar21-17:16:26 root INFO cpu:0.0% mem:svmem(total=8135680000, available=1695703040, percent=79.2, used=6439976960, free=1695703040) 
2020Mar21-17:16:26 root INFO cpu:0.0% mem:svmem(total=8135680000, available=1695703040, percent=79.2, used=6439976960, free=1695703040) 
2020Mar21-17:16:26 root INFO cpu:0.0% mem:svmem(total=8135680000, available=1695703040, percent=79.2, used=6439976960, free=1695703040) 
2020Mar21-17:16:26 root INFO cpu:0.0% mem:svmem(total=8135680000, available=1695703040, percent=79.2, used=6439976960, free=1695703040) 
2020Mar21-17:16:26 root INFO cpu:0.0% mem:svmem(total=8135680000, available=1695703040, percent=79.2, used=6439976960, free=1695703040) 
2020Mar21-17:16:26 root INFO cpu:0.0% mem:svmem(total=8135680000, available=1695703040, percent=79.2, used=6439976960, free=1695703040) 
2020Mar21-17:16:26 root INFO cpu:0.0% mem:svmem(total=8135680000, available=1695703040, percent=79.2, used=6439976960, free=1695703040) 
2020Mar21-17:16:26 root INFO cpu:0.0% mem:svmem(total=8135680000, available=1695703040, percent=79.2, used=6439976960, free=1695703040) 
2020Mar21-17:16:26 root INFO cpu:0.0% mem:svmem(total=8135680000, available=1695703040, percent=79.2, used=6439976960, free=1695703040) 
2020Mar21-17:16:26 root INFO cpu:0.0% mem:svmem(total=8135680000, available=1695703040, percent=79.2, used=6439976960, free=1695703040) 
2020Mar21-17:16:26 root INFO cpu:0.0% mem:svmem(total=8135680000, available=1695703040, percent=79.2, used=6439976960, free=1695703040) 
2020Mar21-17:16:26 root INFO cpu:0.0% mem:svmem(total=8135680000, available=1695703040, percent=79.2, used=6439976960, free=1695703040) 
2020Mar21-17:16:26 root INFO cpu:0.0% mem:svmem(total=8135680000, available=1695703040, percent=79.2, used=6439976960, free=1695703040) 
2020Mar21-17:16:26 root INFO cpu:0.0% mem:svmem(total=8135680000, available=1695703040, percent=79.2, used=6439976960, free=1695703040) 
2020Mar21-17:16:26 root INFO cpu:0.0% mem:svmem(total=8135680000, available=1695703040, percent=79.2, used=6439976960, free=1695703040) 
2020Mar21-17:16:26 root INFO cpu:0.0% mem:svmem(total=8135680000, available=1695703040, percent=79.2, used=6439976960, free=1695703040) 
2020Mar21-17:16:26 root INFO cpu:0.0% mem:svmem(total=8135680000, available=1695703040, percent=79.2, used=6439976960, free=1695703040) 
2020Mar21-17:16:26 root INFO cpu:0.0% mem:svmem(total=8135680000, available=1695703040, percent=79.2, used=6439976960, free=1695703040) 
2020Mar21-17:16:26 root INFO cpu:0.0% mem:svmem(total=8135680000, available=1695703040, percent=79.2, used=6439976960, free=1695703040) 
2020Mar21-17:16:26 root INFO cpu:0.0% mem:svmem(total=8135680000, available=1695703040, percent=79.2, used=6439976960, free=1695703040) 
2020Mar21-17:16:26 root INFO cpu:0.0% mem:svmem(total=8135680000, available=1695703040, percent=79.2, used=6439976960, free=1695703040) 
2020Mar21-17:16:26 root INFO cpu:0.0% mem:svmem(total=8135680000, available=1695703040, percent=79.2, used=6439976960, free=1695703040) 
2020Mar21-17:16:26 root INFO cpu:0.0% mem:svmem(total=8135680000, available=1695703040, percent=79.2, used=6439976960, free=1695703040) 
2020Mar21-17:16:26 root INFO cpu:0.0% mem:svmem(total=8135680000, available=1695703040, percent=79.2, used=6439976960, free=1695703040) 
2020Mar21-17:16:26 root INFO cpu:0.0% mem:svmem(total=8135680000, available=1695703040, percent=79.2, used=6439976960, free=1695703040) 
2020Mar21-17:16:26 root INFO cpu:0.0% mem:svmem(total=8135680000, available=1695703040, percent=79.2, used=6439976960, free=1695703040) 
2020Mar21-17:16:26 root INFO cpu:0.0% mem:svmem(total=8135680000, available=1695703040, percent=79.2, used=6439976960, free=1695703040) 
2020Mar21-17:16:26 root INFO cpu:0.0% mem:svmem(total=8135680000, available=1695703040, percent=79.2, used=6439976960, free=1695703040) 
2020Mar21-17:16:26 root INFO cpu:0.0% mem:svmem(total=8135680000, available=1695703040, percent=79.2, used=6439976960, free=1695703040) 
2020Mar21-17:16:26 root INFO cpu:0.0% mem:svmem(total=8135680000, available=1695703040, percent=79.2, used=6439976960, free=1695703040) 
2020Mar21-17:16:26 root INFO cpu:0.0% mem:svmem(total=8135680000, available=1695703040, percent=79.2, used=6439976960, free=1695703040) 
2020Mar21-17:16:26 root INFO cpu:0.0% mem:svmem(total=8135680000, available=1695703040, percent=79.2, used=6439976960, free=1695703040) 
2020Mar21-17:16:26 root INFO cpu:0.0% mem:svmem(total=8135680000, available=1695703040, percent=79.2, used=6439976960, free=1695703040) 
2020Mar21-17:16:26 root INFO cpu:0.0% mem:svmem(total=8135680000, available=1695703040, percent=79.2, used=6439976960, free=1695703040) 
2020Mar21-17:16:26 root INFO cpu:0.0% mem:svmem(total=8135680000, available=1695703040, percent=79.2, used=6439976960, free=1695703040) 
2020Mar21-17:16:26 root INFO cpu:0.0% mem:svmem(total=8135680000, available=1695703040, percent=79.2, used=6439976960, free=1695703040) 
2020Mar21-17:16:26 root INFO cpu:0.0% mem:svmem(total=8135680000, available=1695703040, percent=79.2, used=6439976960, free=1695703040) 
2020Mar21-17:16:26 root INFO cpu:0.0% mem:svmem(total=8135680000, available=1695703040, percent=79.2, used=6439976960, free=1695703040) 
2020Mar21-17:16:26 root INFO cpu:0.0% mem:svmem(total=8135680000, available=1695703040, percent=79.2, used=6439976960, free=1695703040) 
2020Mar21-17:16:26 root INFO cpu:0.0% mem:svmem(total=8135680000, available=1695703040, percent=79.2, used=6439976960, free=1695703040) 
2020Mar21-17:16:26 root INFO cpu:0.0% mem:svmem(total=8135680000, available=1695703040, percent=79.2, used=6439976960, free=1695703040) 
2020Mar21-17:16:26 root INFO cpu:0.0% mem:svmem(total=8135680000, available=1695703040, percent=79.2, used=6439976960, free=1695703040) 
2020Mar21-17:16:26 root INFO cpu:0.0% mem:svmem(total=8135680000, available=1695703040, percent=79.2, used=6439976960, free=1695703040) 
2020Mar21-17:16:26 root INFO cpu:0.0% mem:svmem(total=8135680000, available=1695703040, percent=79.2, used=6439976960, free=1695703040) 
2020Mar21-17:16:26 root INFO cpu:0.0% mem:svmem(total=8135680000, available=1695703040, percent=79.2, used=6439976960, free=1695703040) 
2020Mar21-17:16:26 root INFO cpu:0.0% mem:svmem(total=8135680000, available=1695703040, percent=79.2, used=6439976960, free=1695703040) 
2020Mar21-17:16:26 root INFO cpu:0.0% mem:svmem(total=8135680000, available=1695285248, percent=79.2, used=6440394752, free=1695285248) 
2020Mar21-17:16:26 root INFO cpu:0.0% mem:svmem(total=8135680000, available=1695309824, percent=79.2, used=6440370176, free=1695309824) 
2020Mar21-17:16:26 root INFO cpu:0.0% mem:svmem(total=8135680000, available=1695309824, percent=79.2, used=6440370176, free=1695309824) 
2020Mar21-17:16:26 root INFO cpu:0.0% mem:svmem(total=8135680000, available=1695309824, percent=79.2, used=6440370176, free=1695309824) 
2020Mar21-17:16:26 root INFO cpu:0.0% mem:svmem(total=8135680000, available=1695309824, percent=79.2, used=6440370176, free=1695309824) 
2020Mar21-17:16:26 root INFO cpu:0.0% mem:svmem(total=8135680000, available=1695309824, percent=79.2, used=6440370176, free=1695309824) 
2020Mar21-17:16:26 root INFO cpu:0.0% mem:svmem(total=8135680000, available=1695309824, percent=79.2, used=6440370176, free=1695309824) 
2020Mar21-17:16:26 root INFO cpu:0.0% mem:svmem(total=8135680000, available=1695309824, percent=79.2, used=6440370176, free=1695309824) 
2020Mar21-17:16:26 root INFO cpu:0.0% mem:svmem(total=8135680000, available=1695309824, percent=79.2, used=6440370176, free=1695309824) 
2020Mar21-17:16:26 root INFO cpu:0.0% mem:svmem(total=8135680000, available=1695309824, percent=79.2, used=6440370176, free=1695309824) 
2020Mar21-17:16:26 root INFO cpu:0.0% mem:svmem(total=8135680000, available=1695309824, percent=79.2, used=6440370176, free=1695309824) 
2020Mar21-17:16:26 root INFO cpu:0.0% mem:svmem(total=8135680000, available=1695309824, percent=79.2, used=6440370176, free=1695309824) 
2020Mar21-17:16:26 root INFO cpu:0.0% mem:svmem(total=8135680000, available=1695309824, percent=79.2, used=6440370176, free=1695309824) 
2020Mar21-17:16:26 root INFO cpu:0.0% mem:svmem(total=8135680000, available=1695309824, percent=79.2, used=6440370176, free=1695309824) 
2020Mar21-17:16:26 root INFO cpu:0.0% mem:svmem(total=8135680000, available=1695309824, percent=79.2, used=6440370176, free=1695309824) 
2020Mar21-17:16:26 root INFO cpu:0.0% mem:svmem(total=8135680000, available=1695309824, percent=79.2, used=6440370176, free=1695309824) 
2020Mar21-17:16:26 root INFO cpu:0.0% mem:svmem(total=8135680000, available=1695309824, percent=79.2, used=6440370176, free=1695309824) 
2020Mar21-17:16:26 root INFO cpu:0.0% mem:svmem(total=8135680000, available=1695309824, percent=79.2, used=6440370176, free=1695309824) 
2020Mar21-17:16:26 root INFO cpu:0.0% mem:svmem(total=8135680000, available=1695309824, percent=79.2, used=6440370176, free=1695309824) 
2020Mar21-17:16:26 root INFO cpu:0.0% mem:svmem(total=8135680000, available=1695309824, percent=79.2, used=6440370176, free=1695309824) 
2020Mar21-17:16:26 root INFO cpu:0.0% mem:svmem(total=8135680000, available=1695309824, percent=79.2, used=6440370176, free=1695309824) 
2020Mar21-17:16:26 root INFO cpu:0.0% mem:svmem(total=8135680000, available=1695309824, percent=79.2, used=6440370176, free=1695309824) 
2020Mar21-17:16:26 root INFO cpu:0.0% mem:svmem(total=8135680000, available=1695309824, percent=79.2, used=6440370176, free=1695309824) 
2020Mar21-17:16:26 root INFO cpu:12.5% mem:svmem(total=8135680000, available=1695309824, percent=79.2, used=6440370176, free=1695309824) 
2020Mar21-17:16:26 root INFO cpu:0.0% mem:svmem(total=8135680000, available=1695309824, percent=79.2, used=6440370176, free=1695309824) 
2020Mar21-17:16:26 root INFO cpu:0.0% mem:svmem(total=8135680000, available=1695309824, percent=79.2, used=6440370176, free=1695309824) 
2020Mar21-17:16:26 root INFO cpu:0.0% mem:svmem(total=8135680000, available=1695309824, percent=79.2, used=6440370176, free=1695309824) 
2020Mar21-17:20:14 root DEBUG Hello world!
2020Mar21-17:20:14 root INFO cpu:12.5% mem:svmem(total=8135680000, available=1538011136, percent=81.1, used=6597668864, free=1538011136) 
2020Mar21-17:20:14 root INFO cpu:0.0% mem:svmem(total=8135680000, available=1538011136, percent=81.1, used=6597668864, free=1538011136) 
2020Mar21-17:20:14 root INFO cpu:0.0% mem:svmem(total=8135680000, available=1538011136, percent=81.1, used=6597668864, free=1538011136) 
2020Mar21-17:20:14 root INFO cpu:0.0% mem:svmem(total=8135680000, available=1538011136, percent=81.1, used=6597668864, free=1538011136) 
2020Mar21-17:20:14 root INFO cpu:0.0% mem:svmem(total=8135680000, available=1538011136, percent=81.1, used=6597668864, free=1538011136) 
2020Mar21-17:20:14 root INFO cpu:0.0% mem:svmem(total=8135680000, available=1538011136, percent=81.1, used=6597668864, free=1538011136) 
2020Mar21-17:20:14 root INFO cpu:0.0% mem:svmem(total=8135680000, available=1538011136, percent=81.1, used=6597668864, free=1538011136) 
2020Mar21-17:20:14 root INFO cpu:0.0% mem:svmem(total=8135680000, available=1538011136, percent=81.1, used=6597668864, free=1538011136) 
2020Mar21-17:20:14 root INFO cpu:0.0% mem:svmem(total=8135680000, available=1538011136, percent=81.1, used=6597668864, free=1538011136) 
2020Mar21-17:20:14 root INFO cpu:0.0% mem:svmem(total=8135680000, available=1538011136, percent=81.1, used=6597668864, free=1538011136) 
2020Mar21-17:20:14 root INFO cpu:0.0% mem:svmem(total=8135680000, available=1538011136, percent=81.1, used=6597668864, free=1538011136) 
2020Mar21-17:20:14 root INFO cpu:0.0% mem:svmem(total=8135680000, available=1538011136, percent=81.1, used=6597668864, free=1538011136) 
2020Mar21-17:20:14 root INFO cpu:0.0% mem:svmem(total=8135680000, available=1538011136, percent=81.1, used=6597668864, free=1538011136) 
2020Mar21-17:20:14 root INFO cpu:0.0% mem:svmem(total=8135680000, available=1538011136, percent=81.1, used=6597668864, free=1538011136) 
2020Mar21-17:20:14 root INFO cpu:0.0% mem:svmem(total=8135680000, available=1538011136, percent=81.1, used=6597668864, free=1538011136) 
2020Mar21-17:20:14 root INFO cpu:0.0% mem:svmem(total=8135680000, available=1538011136, percent=81.1, used=6597668864, free=1538011136) 
2020Mar21-17:20:14 root INFO cpu:0.0% mem:svmem(total=8135680000, available=1538011136, percent=81.1, used=6597668864, free=1538011136) 
2020Mar21-17:20:14 root INFO cpu:0.0% mem:svmem(total=8135680000, available=1538011136, percent=81.1, used=6597668864, free=1538011136) 
2020Mar21-17:20:14 root INFO cpu:0.0% mem:svmem(total=8135680000, available=1538011136, percent=81.1, used=6597668864, free=1538011136) 
2020Mar21-17:20:14 root INFO cpu:0.0% mem:svmem(total=8135680000, available=1538011136, percent=81.1, used=6597668864, free=1538011136) 
2020Mar21-17:20:14 root INFO cpu:0.0% mem:svmem(total=8135680000, available=1538011136, percent=81.1, used=6597668864, free=1538011136) 
2020Mar21-17:20:14 root INFO cpu:0.0% mem:svmem(total=8135680000, available=1538011136, percent=81.1, used=6597668864, free=1538011136) 
2020Mar21-17:20:14 root INFO cpu:0.0% mem:svmem(total=8135680000, available=1538011136, percent=81.1, used=6597668864, free=1538011136) 
2020Mar21-17:20:14 root INFO cpu:0.0% mem:svmem(total=8135680000, available=1538011136, percent=81.1, used=6597668864, free=1538011136) 
2020Mar21-17:20:14 root INFO cpu:0.0% mem:svmem(total=8135680000, available=1538011136, percent=81.1, used=6597668864, free=1538011136) 
2020Mar21-17:20:14 root INFO cpu:0.0% mem:svmem(total=8135680000, available=1538011136, percent=81.1, used=6597668864, free=1538011136) 
2020Mar21-17:20:14 root INFO cpu:0.0% mem:svmem(total=8135680000, available=1538011136, percent=81.1, used=6597668864, free=1538011136) 
2020Mar21-17:20:14 root INFO cpu:0.0% mem:svmem(total=8135680000, available=1538011136, percent=81.1, used=6597668864, free=1538011136) 
2020Mar21-17:20:14 root INFO cpu:0.0% mem:svmem(total=8135680000, available=1538011136, percent=81.1, used=6597668864, free=1538011136) 
2020Mar21-17:20:14 root INFO cpu:0.0% mem:svmem(total=8135680000, available=1538011136, percent=81.1, used=6597668864, free=1538011136) 
2020Mar21-17:20:14 root INFO cpu:0.0% mem:svmem(total=8135680000, available=1538011136, percent=81.1, used=6597668864, free=1538011136) 
2020Mar21-17:20:14 root INFO cpu:0.0% mem:svmem(total=8135680000, available=1538011136, percent=81.1, used=6597668864, free=1538011136) 
2020Mar21-17:20:14 root INFO cpu:0.0% mem:svmem(total=8135680000, available=1538011136, percent=81.1, used=6597668864, free=1538011136) 
2020Mar21-17:20:14 root INFO cpu:0.0% mem:svmem(total=8135680000, available=1538011136, percent=81.1, used=6597668864, free=1538011136) 
2020Mar21-17:20:14 root INFO cpu:0.0% mem:svmem(total=8135680000, available=1538011136, percent=81.1, used=6597668864, free=1538011136) 
2020Mar21-17:20:14 root INFO cpu:0.0% mem:svmem(total=8135680000, available=1538011136, percent=81.1, used=6597668864, free=1538011136) 
2020Mar21-17:20:14 root INFO cpu:0.0% mem:svmem(total=8135680000, available=1538011136, percent=81.1, used=6597668864, free=1538011136) 
2020Mar21-17:20:14 root INFO cpu:0.0% mem:svmem(total=8135680000, available=1538011136, percent=81.1, used=6597668864, free=1538011136) 
2020Mar21-17:20:14 root INFO cpu:0.0% mem:svmem(total=8135680000, available=1538011136, percent=81.1, used=6597668864, free=1538011136) 
2020Mar21-17:20:14 root INFO cpu:0.0% mem:svmem(total=8135680000, available=1538011136, percent=81.1, used=6597668864, free=1538011136) 
2020Mar21-17:20:14 root INFO cpu:0.0% mem:svmem(total=8135680000, available=1538011136, percent=81.1, used=6597668864, free=1538011136) 
2020Mar21-17:20:14 root INFO cpu:0.0% mem:svmem(total=8135680000, available=1538011136, percent=81.1, used=6597668864, free=1538011136) 
2020Mar21-17:20:14 root INFO cpu:0.0% mem:svmem(total=8135680000, available=1538011136, percent=81.1, used=6597668864, free=1538011136) 
2020Mar21-17:20:14 root INFO cpu:0.0% mem:svmem(total=8135680000, available=1538011136, percent=81.1, used=6597668864, free=1538011136) 
2020Mar21-17:20:14 root INFO cpu:0.0% mem:svmem(total=8135680000, available=1538011136, percent=81.1, used=6597668864, free=1538011136) 
2020Mar21-17:20:14 root INFO cpu:0.0% mem:svmem(total=8135680000, available=1538011136, percent=81.1, used=6597668864, free=1538011136) 
2020Mar21-17:20:14 root INFO cpu:0.0% mem:svmem(total=8135680000, available=1538011136, percent=81.1, used=6597668864, free=1538011136) 
2020Mar21-17:20:14 root INFO cpu:0.0% mem:svmem(total=8135680000, available=1538011136, percent=81.1, used=6597668864, free=1538011136) 
2020Mar21-17:20:14 root INFO cpu:0.0% mem:svmem(total=8135680000, available=1538011136, percent=81.1, used=6597668864, free=1538011136) 
2020Mar21-17:20:14 root INFO cpu:12.5% mem:svmem(total=8135680000, available=1538011136, percent=81.1, used=6597668864, free=1538011136) 
2020Mar21-17:20:14 root INFO cpu:0.0% mem:svmem(total=8135680000, available=1538011136, percent=81.1, used=6597668864, free=1538011136) 
2020Mar21-17:20:14 root INFO cpu:0.0% mem:svmem(total=8135680000, available=1538011136, percent=81.1, used=6597668864, free=1538011136) 
2020Mar21-17:20:14 root INFO cpu:0.0% mem:svmem(total=8135680000, available=1538011136, percent=81.1, used=6597668864, free=1538011136) 
2020Mar21-17:20:14 root INFO cpu:0.0% mem:svmem(total=8135680000, available=1538011136, percent=81.1, used=6597668864, free=1538011136) 
2020Mar21-17:20:14 root INFO cpu:0.0% mem:svmem(total=8135680000, available=1538011136, percent=81.1, used=6597668864, free=1538011136) 
2020Mar21-17:20:14 root INFO cpu:0.0% mem:svmem(total=8135680000, available=1538011136, percent=81.1, used=6597668864, free=1538011136) 
2020Mar21-17:20:14 root INFO cpu:0.0% mem:svmem(total=8135680000, available=1538011136, percent=81.1, used=6597668864, free=1538011136) 
2020Mar21-17:20:14 root INFO cpu:0.0% mem:svmem(total=8135680000, available=1538011136, percent=81.1, used=6597668864, free=1538011136) 
2020Mar21-17:20:14 root INFO cpu:0.0% mem:svmem(total=8135680000, available=1538011136, percent=81.1, used=6597668864, free=1538011136) 
2020Mar21-17:20:14 root INFO cpu:0.0% mem:svmem(total=8135680000, available=1538011136, percent=81.1, used=6597668864, free=1538011136) 
2020Mar21-17:20:14 root INFO cpu:0.0% mem:svmem(total=8135680000, available=1538011136, percent=81.1, used=6597668864, free=1538011136) 
2020Mar21-17:20:14 root INFO cpu:0.0% mem:svmem(total=8135680000, available=1538011136, percent=81.1, used=6597668864, free=1538011136) 
2020Mar21-17:20:14 root INFO cpu:0.0% mem:svmem(total=8135680000, available=1538011136, percent=81.1, used=6597668864, free=1538011136) 
2020Mar21-17:20:14 root INFO cpu:0.0% mem:svmem(total=8135680000, available=1538011136, percent=81.1, used=6597668864, free=1538011136) 
2020Mar21-17:20:14 root INFO cpu:0.0% mem:svmem(total=8135680000, available=1538011136, percent=81.1, used=6597668864, free=1538011136) 
2020Mar21-17:20:14 root INFO cpu:0.0% mem:svmem(total=8135680000, available=1538011136, percent=81.1, used=6597668864, free=1538011136) 
2020Mar21-17:20:14 root INFO cpu:0.0% mem:svmem(total=8135680000, available=1538011136, percent=81.1, used=6597668864, free=1538011136) 
2020Mar21-17:20:14 root INFO cpu:0.0% mem:svmem(total=8135680000, available=1538011136, percent=81.1, used=6597668864, free=1538011136) 
2020Mar21-17:20:14 root INFO cpu:0.0% mem:svmem(total=8135680000, available=1538011136, percent=81.1, used=6597668864, free=1538011136) 
2020Mar21-17:20:14 root INFO cpu:0.0% mem:svmem(total=8135680000, available=1538011136, percent=81.1, used=6597668864, free=1538011136) 
2020Mar21-17:20:14 root INFO cpu:0.0% mem:svmem(total=8135680000, available=1538011136, percent=81.1, used=6597668864, free=1538011136) 
2020Mar21-17:20:14 root INFO cpu:0.0% mem:svmem(total=8135680000, available=1538011136, percent=81.1, used=6597668864, free=1538011136) 
2020Mar21-17:20:14 root INFO cpu:0.0% mem:svmem(total=8135680000, available=1538011136, percent=81.1, used=6597668864, free=1538011136) 
2020Mar21-17:20:14 root INFO cpu:0.0% mem:svmem(total=8135680000, available=1538011136, percent=81.1, used=6597668864, free=1538011136) 
2020Mar21-17:20:14 root INFO cpu:0.0% mem:svmem(total=8135680000, available=1538011136, percent=81.1, used=6597668864, free=1538011136) 
2020Mar21-17:20:14 root INFO cpu:0.0% mem:svmem(total=8135680000, available=1538011136, percent=81.1, used=6597668864, free=1538011136) 
2020Mar21-17:20:14 root INFO cpu:0.0% mem:svmem(total=8135680000, available=1538011136, percent=81.1, used=6597668864, free=1538011136) 
2020Mar21-17:20:14 root INFO cpu:0.0% mem:svmem(total=8135680000, available=1538011136, percent=81.1, used=6597668864, free=1538011136) 
2020Mar21-17:20:14 root INFO cpu:0.0% mem:svmem(total=8135680000, available=1538011136, percent=81.1, used=6597668864, free=1538011136) 
2020Mar21-17:20:14 root INFO cpu:0.0% mem:svmem(total=8135680000, available=1538011136, percent=81.1, used=6597668864, free=1538011136) 
2020Mar21-17:20:14 root INFO cpu:0.0% mem:svmem(total=8135680000, available=1538011136, percent=81.1, used=6597668864, free=1538011136) 
2020Mar21-17:20:14 root INFO cpu:0.0% mem:svmem(total=8135680000, available=1538011136, percent=81.1, used=6597668864, free=1538011136) 
2020Mar21-17:20:14 root INFO cpu:0.0% mem:svmem(total=8135680000, available=1538011136, percent=81.1, used=6597668864, free=1538011136) 
2020Mar21-17:20:14 root INFO cpu:0.0% mem:svmem(total=8135680000, available=1538011136, percent=81.1, used=6597668864, free=1538011136) 
2020Mar21-17:20:14 root INFO cpu:0.0% mem:svmem(total=8135680000, available=1538011136, percent=81.1, used=6597668864, free=1538011136) 
2020Mar21-17:20:14 root INFO cpu:0.0% mem:svmem(total=8135680000, available=1538011136, percent=81.1, used=6597668864, free=1538011136) 
2020Mar21-17:20:14 root INFO cpu:0.0% mem:svmem(total=8135680000, available=1538011136, percent=81.1, used=6597668864, free=1538011136) 
2020Mar21-17:20:14 root INFO cpu:0.0% mem:svmem(total=8135680000, available=1538011136, percent=81.1, used=6597668864, free=1538011136) 
2020Mar21-17:20:14 root INFO cpu:0.0% mem:svmem(total=8135680000, available=1538011136, percent=81.1, used=6597668864, free=1538011136) 
2020Mar21-17:20:14 root INFO cpu:0.0% mem:svmem(total=8135680000, available=1538011136, percent=81.1, used=6597668864, free=1538011136) 
2020Mar21-17:20:14 root INFO cpu:0.0% mem:svmem(total=8135680000, available=1538011136, percent=81.1, used=6597668864, free=1538011136) 
2020Mar21-17:20:14 root INFO cpu:0.0% mem:svmem(total=8135680000, available=1538011136, percent=81.1, used=6597668864, free=1538011136) 
2020Mar21-17:20:14 root INFO cpu:0.0% mem:svmem(total=8135680000, available=1538011136, percent=81.1, used=6597668864, free=1538011136) 
2020Mar21-17:20:14 root INFO cpu:0.0% mem:svmem(total=8135680000, available=1538011136, percent=81.1, used=6597668864, free=1538011136) 
2020Mar21-17:20:14 root INFO cpu:0.0% mem:svmem(total=8135680000, available=1538011136, percent=81.1, used=6597668864, free=1538011136) 
2020Mar21-17:20:14 root INFO cpu:0.0% mem:svmem(total=8135680000, available=1538011136, percent=81.1, used=6597668864, free=1538011136) 
2020Mar21-17:20:14 root INFO cpu:0.0% mem:svmem(total=8135680000, available=1538011136, percent=81.1, used=6597668864, free=1538011136) 
2020Mar21-17:20:14 root INFO cpu:0.0% mem:svmem(total=8135680000, available=1538011136, percent=81.1, used=6597668864, free=1538011136) 
2020Mar21-17:20:14 root INFO cpu:0.0% mem:svmem(total=8135680000, available=1538011136, percent=81.1, used=6597668864, free=1538011136) 
2020Mar21-17:20:14 root INFO cpu:0.0% mem:svmem(total=8135680000, available=1538011136, percent=81.1, used=6597668864, free=1538011136) 
2020Mar21-17:50:22 root DEBUG WatchDog Observer is startting.....
2020Mar21-17:50:22 root DEBUG patterns=['*2020*.XLSX']
2020Mar21-17:50:22 root DEBUG path=e:/cclasdir
2020Mar21-17:50:51 root DEBUG <FileCreatedEvent: src_path='e:/cclasdir\\2020环保表格.xlsx'>
2020Mar21-17:50:51 root DEBUG <FileCreatedEvent: src_path='e:/cclasdir\\2020环保表格.xlsx'>
2020Mar21-17:51:30 root DEBUG <FileCreatedEvent: src_path='e:/cclasdir\\2020环保表格.xlsx'>
2020Mar21-17:51:30 root DEBUG <FileCreatedEvent: src_path='e:/cclasdir\\2020环保表格.xlsx'>
2020Mar21-17:53:25 root DEBUG WatchDog Observer is startting.....
2020Mar21-17:53:25 root DEBUG patterns=['*2020*.XLSX']
2020Mar21-17:53:25 root DEBUG path=e:/cclasdir
2020Mar21-17:53:41 root DEBUG <FileCreatedEvent: src_path='e:/cclasdir\\2020环保表格.xlsx'>
2020Mar21-17:53:45 root DEBUG <FileCreatedEvent: src_path='e:/cclasdir\\2020环保表格.xlsx'>
2020Mar21-17:54:45 root DEBUG WatchDog Observer is startting.....
2020Mar21-17:54:45 root DEBUG patterns=['*2020*.XLSX']
2020Mar21-17:54:45 root DEBUG path=e:/cclasdir
2020Mar21-17:55:48 root DEBUG WatchDog Observer is startting.....
2020Mar21-17:55:48 root DEBUG patterns=['*2020*.XLSX']
2020Mar21-17:55:48 root DEBUG path=e:/cclasdir
2020Mar21-17:58:36 root DEBUG WatchDog Observer is startting.....
2020Mar21-17:58:36 root DEBUG patterns=['*2020*.XLSX']
2020Mar21-17:58:36 root DEBUG path=e:/cclasdir
2020Mar21-18:04:27 root DEBUG WatchDog Observer is startting.....
2020Mar21-18:04:27 root DEBUG patterns=['*2020*.XLSX']
2020Mar21-18:04:27 root DEBUG path=e:/cclasdir
2020Mar21-18:08:40 root DEBUG WatchDog Observer is startting.....
2020Mar21-18:08:40 root DEBUG patterns=['*2020*.XLSX']
2020Mar21-18:08:40 root DEBUG path=e:/cclasdir
2020Mar21-18:08:53 root DEBUG <FileDeletedEvent: src_path='e:/cclasdir\\2020生物氧化表格.xlsx'>
2020Mar21-18:08:53 root DEBUG <FileCreatedEvent: src_path='e:/cclasdir\\2020生物氧化表格.xlsx'>
2020Mar21-18:09:56 root DEBUG WatchDog Observer is startting.....
2020Mar21-18:09:56 root DEBUG patterns=['*2020*.XLSX']
2020Mar21-18:09:56 root DEBUG path=e:/cclasdir
2020Mar21-18:10:07 root DEBUG <FileCreatedEvent: src_path='e:/cclasdir\\2020生物氧化表格.xlsx'>
2020Mar21-18:11:34 root DEBUG <FileCreatedEvent: src_path='e:/cclasdir\\2020细菌氧化表格.xlsx'>
2020Mar21-18:11:43 root DEBUG <FileCreatedEvent: src_path='e:/cclasdir\\2020细菌氧化表格.xlsx'>
2020Mar21-18:12:10 root DEBUG <FileCreatedEvent: src_path='e:/cclasdir\\2020环保表格.xlsx'>
2020Mar21-18:12:16 root DEBUG <FileCreatedEvent: src_path='e:/cclasdir\\2020环保表格.xlsx'>
2020Mar21-18:12:18 root DEBUG <FileCreatedEvent: src_path='e:/cclasdir\\2020环保表格.xlsx'>
2020Mar21-18:12:21 root DEBUG <FileCreatedEvent: src_path='e:/cclasdir\\2020环保表格.xlsx'>
2020Mar21-18:12:29 root DEBUG <FileCreatedEvent: src_path='e:/cclasdir\\2020环保表格.xlsx'>
2020Mar21-18:13:07 root DEBUG <FileCreatedEvent: src_path='e:/cclasdir\\2020环保表格.xlsx'>
2020Mar21-18:13:09 root DEBUG <FileCreatedEvent: src_path='e:/cclasdir\\2020环保表格.xlsx'>
2020Mar21-18:13:31 root DEBUG <FileCreatedEvent: src_path='e:/cclasdir\\2020环保表格.xlsx'>
2020Mar21-18:14:31 root DEBUG WatchDog Observer is startting.....
2020Mar21-18:14:31 root DEBUG patterns=['*2020*.XLSX']
2020Mar21-18:14:31 root DEBUG path=e:/cclasdir
2020Mar21-18:15:03 root DEBUG <FileCreatedEvent: src_path='e:/cclasdir\\2020环保表格.xlsx'>
2020Mar21-18:15:42 root DEBUG <FileCreatedEvent: src_path='e:/cclasdir\\2020环保表格.xlsx'>
2020Mar21-18:15:50 root DEBUG <FileCreatedEvent: src_path='e:/cclasdir\\2020环保表格.xlsx'>
2020Mar21-18:15:54 root DEBUG <FileCreatedEvent: src_path='e:/cclasdir\\2020环保表格.xlsx'>
2020Mar21-18:15:57 root DEBUG <FileCreatedEvent: src_path='e:/cclasdir\\2020环保表格.xlsx'>
2020Mar21-18:16:50 root DEBUG <FileCreatedEvent: src_path='e:/cclasdir\\2020环保表格.xlsx'>
2020Mar21-18:17:02 root DEBUG <FileCreatedEvent: src_path='e:/cclasdir\\2020环保表格.xlsx'>
2020Mar21-18:17:12 root DEBUG <FileCreatedEvent: src_path='e:/cclasdir\\2020环保表格.xlsx'>
2020Mar21-18:17:14 root DEBUG <FileCreatedEvent: src_path='e:/cclasdir\\2020环保表格.xlsx'>
2020Mar21-18:17:17 root DEBUG <FileCreatedEvent: src_path='e:/cclasdir\\2020环保表格.xlsx'>
2020Mar21-18:17:18 root DEBUG <FileCreatedEvent: src_path='e:/cclasdir\\2020环保表格.xlsx'>
2020Mar21-18:17:19 root DEBUG <FileCreatedEvent: src_path='e:/cclasdir\\2020环保表格.xlsx'>
2020Mar21-18:17:47 root DEBUG WatchDog Observer is startting.....
2020Mar21-18:17:47 root DEBUG patterns=['*2020*.XLSX']
2020Mar21-18:17:47 root DEBUG path=e:/cclasdir
2020Mar21-18:17:54 root DEBUG <FileCreatedEvent: src_path='e:/cclasdir\\2020环保表格.xlsx'>
2020Mar21-18:17:56 root DEBUG <FileCreatedEvent: src_path='e:/cclasdir\\2020环保表格.xlsx'>
2020Mar21-18:17:58 root DEBUG <FileCreatedEvent: src_path='e:/cclasdir\\2020环保表格.xlsx'>
2020Mar21-18:18:18 root DEBUG <FileCreatedEvent: src_path='e:/cclasdir\\2020环保表格.xlsx'>
2020Mar21-18:18:20 root DEBUG <FileCreatedEvent: src_path='e:/cclasdir\\2020环保表格.xlsx'>
2020Mar21-18:18:22 root DEBUG <FileCreatedEvent: src_path='e:/cclasdir\\2020环保表格.xlsx'>
2020Mar21-18:18:28 root DEBUG <FileCreatedEvent: src_path='e:/cclasdir\\2020环保表格.xlsx'>
2020Mar21-18:18:34 root DEBUG <FileCreatedEvent: src_path='e:/cclasdir\\2020环保表格.xlsx'>
2020Mar21-18:18:36 root DEBUG <FileCreatedEvent: src_path='e:/cclasdir\\2020环保表格.xlsx'>
2020Mar21-18:18:49 root DEBUG WatchDog Observer is startting.....
2020Mar21-18:18:49 root DEBUG patterns=['*2020*.XLSX']
2020Mar21-18:18:49 root DEBUG path=e:/cclasdir
2020Mar21-18:18:58 root DEBUG <FileCreatedEvent: src_path='e:/cclasdir\\2020环保表格.xlsx'>
2020Mar21-18:18:59 root DEBUG <FileCreatedEvent: src_path='e:/cclasdir\\2020环保表格.xlsx'>
2020Mar21-18:19:01 root DEBUG <FileCreatedEvent: src_path='e:/cclasdir\\2020环保表格.xlsx'>
2020Mar21-18:19:02 root DEBUG <FileCreatedEvent: src_path='e:/cclasdir\\2020环保表格.xlsx'>
2020Mar21-18:19:03 root DEBUG <FileCreatedEvent: src_path='e:/cclasdir\\2020环保表格.xlsx'>
2020Mar21-18:19:04 root DEBUG <FileCreatedEvent: src_path='e:/cclasdir\\2020环保表格.xlsx'>
2020Mar21-18:19:10 root DEBUG <FileCreatedEvent: src_path='e:/cclasdir\\2020环保表格.xlsx'>
2020Mar21-18:19:35 root DEBUG WatchDog Observer is startting.....
2020Mar21-18:19:35 root DEBUG patterns=['*2020*.XLSX']
2020Mar21-18:19:35 root DEBUG path=e:/cclasdir
2020Mar21-18:19:43 root DEBUG <FileDeletedEvent: src_path='e:/cclasdir\\2020环保表格.xlsx'>
2020Mar21-18:19:44 root DEBUG <FileMovedEvent: src_path='e:/cclasdir\\1F47A200', dest_path='e:/cclasdir\\2020环保表格.xlsx'>
2020Mar21-18:19:49 root DEBUG <FileDeletedEvent: src_path='e:/cclasdir\\2020环保表格.xlsx'>
2020Mar21-18:19:50 root DEBUG <FileCreatedEvent: src_path='e:/cclasdir\\2020环保表格.xlsx'>
2020Mar21-18:19:56 root DEBUG <FileDeletedEvent: src_path='e:/cclasdir\\2020环保表格.xlsx'>
2020Mar21-18:19:57 root DEBUG <FileCreatedEvent: src_path='e:/cclasdir\\2020环保表格.xlsx'>
2020Mar21-18:19:59 root DEBUG <FileDeletedEvent: src_path='e:/cclasdir\\2020环保表格.xlsx'>
2020Mar21-18:20:00 root DEBUG <FileCreatedEvent: src_path='e:/cclasdir\\2020环保表格.xlsx'>
2020Mar21-18:23:34 root DEBUG <FileDeletedEvent: src_path='e:/cclasdir\\2020环保表格.xlsx'>
2020Mar21-18:23:35 root DEBUG <FileMovedEvent: src_path='e:/cclasdir\\CDCAA200', dest_path='e:/cclasdir\\2020环保表格.xlsx'>
2020Mar21-18:24:27 root DEBUG <FileDeletedEvent: src_path='e:/cclasdir\\2020环保表格.xlsx'>
2020Mar21-18:24:28 root DEBUG <FileMovedEvent: src_path='e:/cclasdir\\E4ABA200', dest_path='e:/cclasdir\\2020环保表格.xlsx'>
2020Mar21-18:24:37 root DEBUG WatchDog Observer is startting.....
2020Mar21-18:24:37 root DEBUG patterns=['*2020*.XLSX']
2020Mar21-18:24:37 root DEBUG path=e:/cclasdir
2020Mar21-18:24:42 root DEBUG <FileCreatedEvent: src_path='e:/cclasdir\\2020环保表格.xlsx'>
2020Mar21-18:24:49 root DEBUG <FileCreatedEvent: src_path='e:/cclasdir\\2020环保表格.xlsx'>
2020Mar21-18:24:58 root DEBUG <FileCreatedEvent: src_path='e:/cclasdir\\2020环保表格.xlsx'>
2020Mar21-18:26:41 root DEBUG WatchDog Observer is startting.....
2020Mar21-18:26:41 root DEBUG patterns=['*2020*.XLSX']
2020Mar21-18:26:41 root DEBUG path=e:/cclasdir
2020Mar21-18:26:49 root DEBUG <FileCreatedEvent: src_path='e:/cclasdir\\2020环保表格.xlsx'>
2020Mar21-18:26:53 root DEBUG <FileCreatedEvent: src_path='e:/cclasdir\\2020环保表格.xlsx'>
2020Mar21-18:26:58 root DEBUG <FileCreatedEvent: src_path='e:/cclasdir\\2020环保表格.xlsx'>
2020Mar21-18:28:03 root DEBUG WatchDog Observer is startting.....
2020Mar21-18:28:03 root DEBUG patterns=['*2020*.XLSX']
2020Mar21-18:28:03 root DEBUG path=e:/cclasdir
2020Mar21-18:30:47 root DEBUG WatchDog Observer is startting.....
2020Mar21-18:30:47 root DEBUG patterns=['*2020*.XLSX']
2020Mar21-18:30:47 root DEBUG path=e:/cclasdir
2020Mar21-18:30:47 root DEBUG delay=0.01
2020Mar21-18:31:12 root DEBUG WatchDog Observer is startting.....
2020Mar21-18:31:12 root DEBUG patterns=['*2020*.XLSX']
2020Mar21-18:31:12 root DEBUG path=e:/cclasdir
2020Mar21-18:31:12 root DEBUG delay=0.01
2020Mar21-18:31:36 root DEBUG WatchDog Observer is startting.....
2020Mar21-18:31:36 root DEBUG patterns=['*2020*.XLSX']
2020Mar21-18:31:36 root DEBUG path=e:/cclasdir
2020Mar21-18:31:36 root DEBUG delay=0.01
2020Mar21-18:31:36 root DEBUG beep=True
2020Mar21-18:31:51 root DEBUG <FileCreatedEvent: src_path='e:/cclasdir\\2020环保表格.xlsx'>
2020Mar21-18:32:02 root DEBUG <FileCreatedEvent: src_path='e:/cclasdir\\2020环保表格.xlsx'>
2020Mar21-18:32:14 root DEBUG WatchDog Observer is startting.....
2020Mar21-18:32:14 root DEBUG patterns=['*2020*.XLSX']
2020Mar21-18:32:14 root DEBUG path=e:/cclasdir
2020Mar21-18:32:14 root DEBUG delay=0.01
2020Mar21-18:32:14 root DEBUG beep=False
2020Mar21-18:32:21 root DEBUG <FileCreatedEvent: src_path='e:/cclasdir\\2020环保表格.xlsx'>
2020Mar21-18:35:25 root DEBUG WatchDog Observer is startting.....
2020Mar21-18:35:25 root DEBUG patterns=['*2020*.XLSX']
2020Mar21-18:35:25 root DEBUG path=e:/cclasdir
2020Mar21-18:35:25 root DEBUG delay=0.01
2020Mar21-18:35:25 root DEBUG beep=True
2020Mar21-18:35:33 root DEBUG <FileCreatedEvent: src_path='e:/cclasdir\\2020环保表格.xlsx'>
2020Mar21-18:35:38 root DEBUG <FileCreatedEvent: src_path='e:/cclasdir\\2020环保表格.xlsx'>
2020Mar21-20:30:52 root DEBUG                         0                    1  ...            7       8
0                     NaN                       ...          NaN     NaN
1                      日期                  NaN  ...  CN-\n(NaCN)      Hg
2     2020-01-01 00:00:00  1900-12-29 06:00:00  ...          NaN  20.457
3                     NaN                  NaN  ...          NaN   3.624
4                     NaN                  NaN  ...          NaN   0.123
...                   ...                  ...  ...          ...     ...
2193                  NaN                  NaN  ...          NaN     NaN
2194                  NaN                  NaN  ...          NaN     NaN
2195                  NaN  1901-12-29 18:00:00  ...          NaN     NaN
2196                  NaN                  NaN  ...          NaN     NaN
2197                  NaN                  NaN  ...          NaN     NaN

[2198 rows x 9 columns]
2020Mar21-20:34:21 root DEBUG              日期          Unnamed: 1 样品名称  元素  ... SCN CN-\n(NaCN)      Hg
0    2020-01-01 1900-12-29 06:00:00    给料混合样  ... NaN         NaN  20.457
1           NaT                 NaT  CD3#混合样  ... NaN         NaN   3.624
2           NaT                 NaT  CD6#混合样  ... NaN         NaN   0.123
3           NaT 1900-12-29 18:00:00    给料混合样  ... NaN         NaN  14.607
4           NaT                 NaT  CD3#混合样  ... NaN         NaN   6.683
...         ...                 ...      ...  ...  ..         ...     ...
2191        NaT                 NaT  CD3#混合样  ... NaN         NaN     NaN
2192        NaT                 NaT  CD6#混合样  ... NaN         NaN     NaN
2193        NaT 1901-12-29 18:00:00    给料混合样  ... NaN         NaN     NaN
2194        NaT                 NaT  CD3#混合样  ... NaN         NaN     NaN
2195        NaT                 NaT  CD6#混合样  ... NaN         NaN     NaN

[2196 rows x 9 columns]
2020Mar21-20:36:49 root DEBUG                         0                    1  ...            7       8
0                     NaN                       ...          NaN     NaN
1                      日期                  NaN  ...  CN-\n(NaCN)      Hg
2     2020-01-01 00:00:00  1900-12-29 06:00:00  ...          NaN  20.457
3                     NaN                  NaN  ...          NaN   3.624
4                     NaN                  NaN  ...          NaN   0.123
...                   ...                  ...  ...          ...     ...
2193                  NaN                  NaN  ...          NaN     NaN
2194                  NaN                  NaN  ...          NaN     NaN
2195                  NaN  1901-12-29 18:00:00  ...          NaN     NaN
2196                  NaN                  NaN  ...          NaN     NaN
2197                  NaN                  NaN  ...          NaN     NaN

[2198 rows x 9 columns]
2020Mar21-21:21:17 root DEBUG                         0                    1  ...            7       8
0                     NaN                       ...          NaN     NaN
1                      日期                  NaN  ...  CN-\n(NaCN)      Hg
2     2020-01-01 00:00:00  1900-12-29 06:00:00  ...          NaN  20.457
3     2020-01-01 00:00:00                  NaN  ...          NaN   3.624
4     2020-01-01 00:00:00                  NaN  ...          NaN   0.123
...                   ...                  ...  ...          ...     ...
2193  2020-12-31 00:00:00                  NaN  ...          NaN     NaN
2194  2020-12-31 00:00:00                  NaN  ...          NaN     NaN
2195  2020-12-31 00:00:00  1901-12-29 18:00:00  ...          NaN     NaN
2196  2020-12-31 00:00:00                  NaN  ...          NaN     NaN
2197  2020-12-31 00:00:00                  NaN  ...          NaN     NaN

[2198 rows x 9 columns]
2020Mar21-21:21:37 root DEBUG                         0                    1  ...            7       8
0                     NaN                       ...          NaN     NaN
1                      日期                       ...  CN-\n(NaCN)      Hg
2     2020-01-01 00:00:00  1900-12-29 06:00:00  ...          NaN  20.457
3     2020-01-01 00:00:00  1900-12-29 06:00:00  ...          NaN   3.624
4     2020-01-01 00:00:00  1900-12-29 06:00:00  ...          NaN   0.123
...                   ...                  ...  ...          ...     ...
2193  2020-12-31 00:00:00  1901-12-29 06:00:00  ...          NaN     NaN
2194  2020-12-31 00:00:00  1901-12-29 06:00:00  ...          NaN     NaN
2195  2020-12-31 00:00:00  1901-12-29 18:00:00  ...          NaN     NaN
2196  2020-12-31 00:00:00  1901-12-29 18:00:00  ...          NaN     NaN
2197  2020-12-31 00:00:00  1901-12-29 18:00:00  ...          NaN     NaN

[2198 rows x 9 columns]
2020Mar21-21:24:16 root DEBUG               0                    1         2  ...    6            7       8
0           NaT                            NaN  ...  NaN          NaN     NaN
1           NaT                       样品名称  元素  ...  SCN  CN-\n(NaCN)      Hg
2    2020-01-01  1900-12-29 06:00:00     给料混合样  ...  NaN          NaN  20.457
3    2020-01-01  1900-12-29 06:00:00   CD3#混合样  ...  NaN          NaN   3.624
4    2020-01-01  1900-12-29 06:00:00   CD6#混合样  ...  NaN          NaN   0.123
...         ...                  ...       ...  ...  ...          ...     ...
2193 2020-12-31  1901-12-29 06:00:00   CD3#混合样  ...  NaN          NaN     NaN
2194 2020-12-31  1901-12-29 06:00:00   CD6#混合样  ...  NaN          NaN     NaN
2195 2020-12-31  1901-12-29 18:00:00     给料混合样  ...  NaN          NaN     NaN
2196 2020-12-31  1901-12-29 18:00:00   CD3#混合样  ...  NaN          NaN     NaN
2197 2020-12-31  1901-12-29 18:00:00   CD6#混合样  ...  NaN          NaN     NaN

[2198 rows x 9 columns]
2020Mar21-22:15:16 root DEBUG <FileCreatedEvent: src_path='e:/cclasdir\\2020生物氧化表格.xlsx'>
2020Mar21-22:15:20 root DEBUG <FileCreatedEvent: src_path='e:/cclasdir\\2020生物氧化表格.xlsx'>
2020Mar21-22:15:37 root DEBUG <FileCreatedEvent: src_path='e:/cclasdir\\2020生物氧化表格.xlsx'>
2020Mar21-22:15:44 root DEBUG <FileCreatedEvent: src_path='e:/cclasdir\\2020生物氧化表格.xlsx'>
2020Mar21-22:15:47 root DEBUG <FileCreatedEvent: src_path='e:/cclasdir\\2020生物氧化表格.xlsx'>
2020Mar21-22:15:50 root DEBUG <FileCreatedEvent: src_path='e:/cclasdir\\2020生物氧化表格.xlsx'>
2020Mar21-22:15:53 root DEBUG <FileCreatedEvent: src_path='e:/cclasdir\\2020生物氧化表格.xlsx'>
2020Mar21-22:15:55 root DEBUG <FileCreatedEvent: src_path='e:/cclasdir\\2020生物氧化表格.xlsx'>
2020Mar21-22:16:03 root DEBUG <FileCreatedEvent: src_path='e:/cclasdir\\2020生物氧化表格.xlsx'>
2020Mar21-22:16:07 root DEBUG WatchDog Observer is startting.....
2020Mar21-22:16:07 root DEBUG patterns=['*2020*.XLSX']
2020Mar21-22:16:07 root DEBUG path=e:/cclasdir
2020Mar21-22:16:07 root DEBUG delay=0.01
2020Mar21-22:16:07 root DEBUG beep=True
2020Mar21-22:16:13 root DEBUG <FileCreatedEvent: src_path='e:/cclasdir\\2020生物氧化表格.xlsx'>
2020Mar21-22:16:15 root DEBUG <FileCreatedEvent: src_path='e:/cclasdir\\2020生物氧化表格.xlsx'>
2020Mar21-22:16:18 root DEBUG <FileCreatedEvent: src_path='e:/cclasdir\\2020生物氧化表格.xlsx'>
2020Mar21-22:16:24 root DEBUG <FileCreatedEvent: src_path='e:/cclasdir\\2020生物氧化表格.xlsx'>
2020Mar21-22:17:55 root DEBUG <FileCreatedEvent: src_path='e:/cclasdir\\2020生物氧化表格.xlsx'>
2020Mar21-22:18:06 root DEBUG <FileCreatedEvent: src_path='e:/cclasdir\\2020生物氧化表格.xlsx'>
2020Mar21-22:18:10 root DEBUG <FileCreatedEvent: src_path='e:/cclasdir\\2020生物氧化表格.xlsx'>
2020Mar21-22:18:20 root DEBUG <FileCreatedEvent: src_path='e:/cclasdir\\2020生物氧化表格.xlsx'>
2020Mar21-22:18:24 root DEBUG <FileCreatedEvent: src_path='e:/cclasdir\\2020生物氧化表格.xlsx'>
2020Mar21-22:18:26 root DEBUG <FileCreatedEvent: src_path='e:/cclasdir\\2020生物氧化表格.xlsx'>
2020Mar21-22:18:27 root DEBUG <FileCreatedEvent: src_path='e:/cclasdir\\2020生物氧化表格.xlsx'>
2020Mar21-22:18:28 root DEBUG <FileCreatedEvent: src_path='e:/cclasdir\\2020生物氧化表格.xlsx'>
2020Mar21-22:18:29 root DEBUG <FileCreatedEvent: src_path='e:/cclasdir\\2020生物氧化表格.xlsx'>
2020Mar21-22:18:30 root DEBUG <FileCreatedEvent: src_path='e:/cclasdir\\2020生物氧化表格.xlsx'>
2020Mar21-22:18:31 root DEBUG <FileCreatedEvent: src_path='e:/cclasdir\\2020生物氧化表格.xlsx'>
2020Mar21-22:18:44 root DEBUG <FileCreatedEvent: src_path='e:/cclasdir\\2020生物氧化表格.xlsx'>
2020Mar21-22:18:45 root DEBUG <FileCreatedEvent: src_path='e:/cclasdir\\2020生物氧化表格.xlsx'>
2020Mar21-22:18:46 root DEBUG <FileCreatedEvent: src_path='e:/cclasdir\\2020生物氧化表格.xlsx'>
2020Mar21-22:18:47 root DEBUG <FileCreatedEvent: src_path='e:/cclasdir\\2020生物氧化表格.xlsx'>
2020Mar21-22:18:48 root DEBUG <FileCreatedEvent: src_path='e:/cclasdir\\2020生物氧化表格.xlsx'>
2020Mar21-22:18:49 root DEBUG <FileCreatedEvent: src_path='e:/cclasdir\\2020生物氧化表格.xlsx'>
2020Mar21-22:18:50 root DEBUG <FileCreatedEvent: src_path='e:/cclasdir\\2020生物氧化表格.xlsx'>
2020Mar21-23:40:17 root DEBUG =========
2020Mar21-23:40:17 root DEBUG                0      1        2      3      4      5 6  7        8
2     2020-01-01  06:00    给料混合样    382    175  9.738        20.457
3     2020-01-01  06:00  CD3#混合样  51.52  41.11  0.158         3.624
4     2020-01-01  06:00  CD6#混合样  2.836  1.121  0.027         0.123
5     2020-01-01  18:00    给料混合样    245    118  6.813        14.607
6     2020-01-01  18:00  CD3#混合样   78.1   72.9  0.256         6.683
...          ...    ...      ...    ...    ...    ... .. ..     ...
2193  2020-12-31  06:00  CD3#混合样                                   
2194  2020-12-31  06:00  CD6#混合样                                   
2195  2020-12-31  18:00    给料混合样                                   
2196  2020-12-31  18:00  CD3#混合样                                   
2197  2020-12-31  18:00  CD6#混合样                                   

[2196 rows x 9 columns]
2020Mar21-23:40:48 root DEBUG =========
2020Mar21-23:40:48 root DEBUG                0      1        2      3      4      5 6  7        8
2     2020-01-01  06:00    给料混合样    382    175  9.738        20.457
3     2020-01-01  06:00  CD3#混合样  51.52  41.11  0.158         3.624
4     2020-01-01  06:00  CD6#混合样  2.836  1.121  0.027         0.123
5     2020-01-01  18:00    给料混合样    245    118  6.813        14.607
6     2020-01-01  18:00  CD3#混合样   78.1   72.9  0.256         6.683
...          ...    ...      ...    ...    ...    ... .. ..     ...
2193  2020-12-31  06:00  CD3#混合样                                   
2194  2020-12-31  06:00  CD6#混合样                                   
2195  2020-12-31  18:00    给料混合样                                   
2196  2020-12-31  18:00  CD3#混合样                                   
2197  2020-12-31  18:00  CD6#混合样                                   

[2196 rows x 9 columns]
2020Mar21-23:42:39 root DEBUG =========
2020Mar21-23:42:39 root DEBUG                0      1        2      3      4      5 6  7        8
2     2020-01-01  06:00    给料混合样    382    175  9.738        20.457
3     2020-01-01  06:00  CD3#混合样  51.52  41.11  0.158         3.624
4     2020-01-01  06:00  CD6#混合样  2.836  1.121  0.027         0.123
5     2020-01-01  18:00    给料混合样    245    118  6.813        14.607
6     2020-01-01  18:00  CD3#混合样   78.1   72.9  0.256         6.683
...          ...    ...      ...    ...    ...    ... .. ..     ...
2193  2020-12-31  06:00  CD3#混合样                                   
2194  2020-12-31  06:00  CD6#混合样                                   
2195  2020-12-31  18:00    给料混合样                                   
2196  2020-12-31  18:00  CD3#混合样                                   
2197  2020-12-31  18:00  CD6#混合样                                   

[2196 rows x 9 columns]
2020Mar21-23:43:15 root DEBUG =========
2020Mar21-23:43:15 root DEBUG                0      1        2      3      4      5 6  7        8
2     2020-01-01  06:00    给料混合样    382    175  9.738        20.457
3     2020-01-01  06:00  CD3#混合样  51.52  41.11  0.158         3.624
4     2020-01-01  06:00  CD6#混合样  2.836  1.121  0.027         0.123
5     2020-01-01  18:00    给料混合样    245    118  6.813        14.607
6     2020-01-01  18:00  CD3#混合样   78.1   72.9  0.256         6.683
...          ...    ...      ...    ...    ...    ... .. ..     ...
2193  2020-12-31  06:00  CD3#混合样                                   
2194  2020-12-31  06:00  CD6#混合样                                   
2195  2020-12-31  18:00    给料混合样                                   
2196  2020-12-31  18:00  CD3#混合样                                   
2197  2020-12-31  18:00  CD6#混合样                                   

[2196 rows x 9 columns]
2020Mar21-23:47:45 root DEBUG =========
2020Mar21-23:47:45 root DEBUG             date   time simple_name    TCN     CN     AS SCN CN      HG
2     2020-01-01  06:00       给料混合样    382    175  9.738         20.457
3     2020-01-01  06:00     CD3#混合样  51.52  41.11  0.158          3.624
4     2020-01-01  06:00     CD6#混合样  2.836  1.121  0.027          0.123
5     2020-01-01  18:00       给料混合样    245    118  6.813         14.607
6     2020-01-01  18:00     CD3#混合样   78.1   72.9  0.256          6.683
...          ...    ...         ...    ...    ...    ...  .. ..     ...
2193  2020-12-31  06:00     CD3#混合样                                    
2194  2020-12-31  06:00     CD6#混合样                                    
2195  2020-12-31  18:00       给料混合样                                    
2196  2020-12-31  18:00     CD3#混合样                                    
2197  2020-12-31  18:00     CD6#混合样                                    

[2196 rows x 9 columns]
2020Mar21-23:48:17 root DEBUG =========
2020Mar21-23:48:17 root DEBUG             DATE   TIME SIMPLE_NAME    TCN     CN     AS SCN CN      HG
2     2020-01-01  06:00       给料混合样    382    175  9.738         20.457
3     2020-01-01  06:00     CD3#混合样  51.52  41.11  0.158          3.624
4     2020-01-01  06:00     CD6#混合样  2.836  1.121  0.027          0.123
5     2020-01-01  18:00       给料混合样    245    118  6.813         14.607
6     2020-01-01  18:00     CD3#混合样   78.1   72.9  0.256          6.683
...          ...    ...         ...    ...    ...    ...  .. ..     ...
2193  2020-12-31  06:00     CD3#混合样                                    
2194  2020-12-31  06:00     CD6#混合样                                    
2195  2020-12-31  18:00       给料混合样                                    
2196  2020-12-31  18:00     CD3#混合样                                    
2197  2020-12-31  18:00     CD6#混合样                                    

[2196 rows x 9 columns]
2020Mar21-23:51:27 root DEBUG =========
2020Mar21-23:51:27 root DEBUG             DATE   TIME SIMPLE_NAME    TCN     CN     AS SCN CN      HG
2     2020-01-01  06:00       给料混合样    382    175  9.738         20.457
3     2020-01-01  06:00     CD3#混合样  51.52  41.11  0.158          3.624
4     2020-01-01  06:00     CD6#混合样  2.836  1.121  0.027          0.123
5     2020-01-01  18:00       给料混合样    245    118  6.813         14.607
6     2020-01-01  18:00     CD3#混合样   78.1   72.9  0.256          6.683
...          ...    ...         ...    ...    ...    ...  .. ..     ...
2193  2020-12-31  06:00     CD3#混合样                                    
2194  2020-12-31  06:00     CD6#混合样                                    
2195  2020-12-31  18:00       给料混合样                                    
2196  2020-12-31  18:00     CD3#混合样                                    
2197  2020-12-31  18:00     CD6#混合样                                    

[2196 rows x 9 columns]
2020Mar21-23:51:59 root DEBUG =========
2020Mar21-23:51:59 root DEBUG             DATE   TIME SIMPLE_NAME    TCN     CN     AS SCN CN      HG
2     2020-01-01  06:00       给料混合样    382    175  9.738         20.457
3     2020-01-01  06:00     CD3#混合样  51.52  41.11  0.158          3.624
4     2020-01-01  06:00     CD6#混合样  2.836  1.121  0.027          0.123
5     2020-01-01  18:00       给料混合样    245    118  6.813         14.607
6     2020-01-01  18:00     CD3#混合样   78.1   72.9  0.256          6.683
...          ...    ...         ...    ...    ...    ...  .. ..     ...
2193  2020-12-31  06:00     CD3#混合样                                    
2194  2020-12-31  06:00     CD6#混合样                                    
2195  2020-12-31  18:00       给料混合样                                    
2196  2020-12-31  18:00     CD3#混合样                                    
2197  2020-12-31  18:00     CD6#混合样                                    

[2196 rows x 9 columns]
2020Mar21-23:58:19 root DEBUG =========
2020Mar21-23:58:19 root DEBUG             DATE   TIME SIMPLE_NAME    TCN     CN     AS SCN CN      HG
0     2020-01-01  06:00       给料混合样    382    175  9.738         20.457
1     2020-01-01  06:00     CD3#混合样  51.52  41.11  0.158          3.624
2     2020-01-01  06:00     CD6#混合样  2.836  1.121  0.027          0.123
3     2020-01-01  18:00       给料混合样    245    118  6.813         14.607
4     2020-01-01  18:00     CD3#混合样   78.1   72.9  0.256          6.683
...          ...    ...         ...    ...    ...    ...  .. ..     ...
2191  2020-12-31  06:00     CD3#混合样                                    
2192  2020-12-31  06:00     CD6#混合样                                    
2193  2020-12-31  18:00       给料混合样                                    
2194  2020-12-31  18:00     CD3#混合样                                    
2195  2020-12-31  18:00     CD6#混合样                                    

[2196 rows x 9 columns]
2020Mar21-23:59:35 root DEBUG             DATE   TIME SIMPLE_NAME    TCN     CN     AS SCN CN      HG
0     2020-01-01  06:00       给料混合样    382    175  9.738         20.457
1     2020-01-01  06:00     CD3#混合样  51.52  41.11  0.158          3.624
2     2020-01-01  06:00     CD6#混合样  2.836  1.121  0.027          0.123
3     2020-01-01  18:00       给料混合样    245    118  6.813         14.607
4     2020-01-01  18:00     CD3#混合样   78.1   72.9  0.256          6.683
...          ...    ...         ...    ...    ...    ...  .. ..     ...
2191  2020-12-31  06:00     CD3#混合样                                    
2192  2020-12-31  06:00     CD6#混合样                                    
2193  2020-12-31  18:00       给料混合样                                    
2194  2020-12-31  18:00     CD3#混合样                                    
2195  2020-12-31  18:00     CD6#混合样                                    

[2196 rows x 9 columns]
2020Mar22-00:00:46 root DEBUG WatchDog Observer is startting.....
2020Mar22-00:00:46 root DEBUG patterns=['*2020*.XLSX']
2020Mar22-00:00:46 root DEBUG path=e:/cclasdir
2020Mar22-00:00:46 root DEBUG delay=0.01
2020Mar22-00:00:46 root DEBUG beep=True
2020Mar22-00:00:57 root DEBUG <FileCreatedEvent: src_path='e:/cclasdir\\2020生物氧化表格.xlsx'>
2020Mar22-00:01:04 root DEBUG <FileCreatedEvent: src_path='e:/cclasdir\\2020生物氧化表格.xlsx'>
2020Mar22-00:02:37 root DEBUG WatchDog Observer is startting.....
2020Mar22-00:02:37 root DEBUG patterns=['*2020*.XLSX']
2020Mar22-00:02:37 root DEBUG path=e:/cclasdir
2020Mar22-00:02:37 root DEBUG delay=0.01
2020Mar22-00:02:37 root DEBUG beep=True
2020Mar22-00:03:02 root DEBUG WatchDog Observer is startting.....
2020Mar22-00:03:02 root DEBUG patterns=['*2020*.XLSX']
2020Mar22-00:03:02 root DEBUG path=e:/cclasdir
2020Mar22-00:03:02 root DEBUG delay=0.01
2020Mar22-00:03:02 root DEBUG beep=True
2020Mar22-00:03:18 root DEBUG WatchDog Observer is startting.....
2020Mar22-00:03:18 root DEBUG patterns=['*2020*.XLSX']
2020Mar22-00:03:18 root DEBUG path=e:/cclasdir
2020Mar22-00:03:18 root DEBUG delay=0.01
2020Mar22-00:03:18 root DEBUG beep=True
2020Mar22-00:04:41 root DEBUG WatchDog Observer is startting.....
2020Mar22-00:04:41 root DEBUG patterns=['*2020*.XLSX']
2020Mar22-00:04:41 root DEBUG path=e:/cclasdir
2020Mar22-00:04:41 root DEBUG delay=0.01
2020Mar22-00:04:41 root DEBUG beep=True
2020Mar22-00:09:25 root DEBUG             DATE   TIME SIMPLE_NAME    TCN     CN     AS SCN CN      HG
0     2020-01-01  06:00       给料混合样    382    175  9.738         20.457
1     2020-01-01  06:00     CD3#混合样  51.52  41.11  0.158          3.624
2     2020-01-01  06:00     CD6#混合样  2.836  1.121  0.027          0.123
3     2020-01-01  18:00       给料混合样    245    118  6.813         14.607
4     2020-01-01  18:00     CD3#混合样   78.1   72.9  0.256          6.683
...          ...    ...         ...    ...    ...    ...  .. ..     ...
2191  2020-12-31  06:00     CD3#混合样                                    
2192  2020-12-31  06:00     CD6#混合样                                    
2193  2020-12-31  18:00       给料混合样                                    
2194  2020-12-31  18:00     CD3#混合样                                    
2195  2020-12-31  18:00     CD6#混合样                                    

[2196 rows x 9 columns]
2020Mar22-00:12:58 root DEBUG             DATE   TIME SIMPLE_NAME    TCN     CN     AS SCN CN      HG
0     2020-01-01  06:00       给料混合样    382    175  9.738         20.457
1     2020-01-01  06:00     CD3#混合样  51.52  41.11  0.158          3.624
2     2020-01-01  06:00     CD6#混合样  2.836  1.121  0.027          0.123
3     2020-01-01  18:00       给料混合样    245    118  6.813         14.607
4     2020-01-01  18:00     CD3#混合样   78.1   72.9  0.256          6.683
...          ...    ...         ...    ...    ...    ...  .. ..     ...
2191  2020-12-31  06:00     CD3#混合样                                    
2192  2020-12-31  06:00     CD6#混合样                                    
2193  2020-12-31  18:00       给料混合样                                    
2194  2020-12-31  18:00     CD3#混合样                                    
2195  2020-12-31  18:00     CD6#混合样                                    

[2196 rows x 9 columns]
2020Mar22-00:15:33 root DEBUG <FileCreatedEvent: src_path='e:/cclasdir\\2020环保表格.xlsx'>
2020Mar22-00:15:36 root DEBUG <FileCreatedEvent: src_path='e:/cclasdir\\2020环保表格.xlsx'>
2020Mar22-00:15:41 root DEBUG <FileCreatedEvent: src_path='e:/cclasdir\\2020环保表格.xlsx'>
2020Mar22-00:15:45 root DEBUG <FileCreatedEvent: src_path='e:/cclasdir\\2020环保表格.xlsx'>
2020Mar22-00:15:47 root DEBUG <FileCreatedEvent: src_path='e:/cclasdir\\2020环保表格.xlsx'>
2020Mar22-00:15:48 root DEBUG <FileCreatedEvent: src_path='e:/cclasdir\\2020环保表格.xlsx'>
2020Mar22-00:16:03 root DEBUG             DATE   TIME SIMPLE_NAME    TCN     CN     AS SCN CN      HG
0     2020-01-01  06:00       给料混合样    382    175  9.738         20.457
1     2020-01-01  06:00     CD3#混合样  51.52  41.11  0.158          3.624
2     2020-01-01  06:00     CD6#混合样  2.836  1.121  0.027          0.123
3     2020-01-01  18:00       给料混合样    245    118  6.813         14.607
4     2020-01-01  18:00     CD3#混合样   78.1   72.9  0.256          6.683
...          ...    ...         ...    ...    ...    ...  .. ..     ...
2191  2020-12-31  06:00     CD3#混合样                                    
2192  2020-12-31  06:00     CD6#混合样                                    
2193  2020-12-31  18:00       给料混合样                                    
2194  2020-12-31  18:00     CD3#混合样                                    
2195  2020-12-31  18:00     CD6#混合样                                    

[2196 rows x 9 columns]
2020Mar22-00:17:00 root DEBUG            DATE   TIME SIMPLE_NAME    TCN     CN     AS SCN CN      HG
0    2020-01-01  06:00       给料混合样    382    175  9.738         20.457
1    2020-01-01  06:00     CD3#混合样  51.52  41.11  0.158          3.624
2    2020-01-01  06:00     CD6#混合样  2.836  1.121  0.027          0.123
3    2020-01-01  18:00       给料混合样    245    118  6.813         14.607
4    2020-01-01  18:00     CD3#混合样   78.1   72.9  0.256          6.683
...         ...    ...         ...    ...    ...    ...  .. ..     ...
2191 2020-12-31  06:00     CD3#混合样                                    
2192 2020-12-31  06:00     CD6#混合样                                    
2193 2020-12-31  18:00       给料混合样                                    
2194 2020-12-31  18:00     CD3#混合样                                    
2195 2020-12-31  18:00     CD6#混合样                                    

[2196 rows x 9 columns]
2020Mar22-00:37:05 root DEBUG                      DATE   TIME SIMPLE_NAME    TCN  ...     AS SCN CN      HG
0              2020-01-01  06:00       给料混合样    382  ...  9.738         20.457
1              2020-01-01  06:00     CD3#混合样  51.52  ...  0.158          3.624
2              2020-01-01  06:00     CD6#混合样  2.836  ...  0.027          0.123
3              2020-01-01  18:00       给料混合样    245  ...  6.813         14.607
4              2020-01-01  18:00     CD3#混合样   78.1  ...  0.256          6.683
...                   ...    ...         ...    ...  ...    ...  .. ..     ...
2191  2020-12-31 00:00:00  06:00     CD3#混合样         ...                      
2192  2020-12-31 00:00:00  06:00     CD6#混合样         ...                      
2193  2020-12-31 00:00:00  18:00       给料混合样         ...                      
2194  2020-12-31 00:00:00  18:00     CD3#混合样         ...                      
2195  2020-12-31 00:00:00  18:00     CD6#混合样         ...                      

[4392 rows x 9 columns]
2020Mar22-00:41:57 root DEBUG                      DATE   TIME SIMPLE_NAME    TCN  ...     AS SCN CN      HG
2              2020-01-01  06:00       给料混合样    382  ...  9.738         20.457
3              2020-01-01  06:00     CD3#混合样  51.52  ...  0.158          3.624
4              2020-01-01  06:00     CD6#混合样  2.836  ...  0.027          0.123
5              2020-01-01  18:00       给料混合样    245  ...  6.813         14.607
6              2020-01-01  18:00     CD3#混合样   78.1  ...  0.256          6.683
...                   ...    ...         ...    ...  ...    ...  .. ..     ...
2193  2020-12-31 00:00:00  06:00     CD3#混合样         ...                      
2194  2020-12-31 00:00:00  06:00     CD6#混合样         ...                      
2195  2020-12-31 00:00:00  18:00       给料混合样         ...                      
2196  2020-12-31 00:00:00  18:00     CD3#混合样         ...                      
2197  2020-12-31 00:00:00  18:00     CD6#混合样         ...                      

[4392 rows x 9 columns]
2020Mar22-00:44:05 root DEBUG               0      1        2      3      4       5 6  7         8
7    2020-01-01  18:00  CD6#混合样   4.06   1.25    0.21          0.052
10   2020-01-02  06:00  CD6#混合样  5.881  3.184   0.026          0.031
15   2020-01-03  06:00  CD3#混合样  3.799  1.535  0.1875        3.60767
16   2020-01-03  06:00  CD6#混合样  2.316  0.598   0.013        0.00769
18   2020-01-03  18:00  CD3#混合样   2.78   1.07   0.176           4.29
..          ...    ...      ...    ...    ...     ... .. ..      ...
169  2020-01-28  18:00  CD6#混合样   21.9  10.93  0.0069          0.004
171  2020-01-29  06:00  CD3#混合样  71.82  69.73   0.281           1.59
184  2020-01-31  06:00  CD6#混合样  8.326  3.122   0.018          0.017
186  2020-01-31  18:00  CD3#混合样   4.58  3.539   0.174          2.567
187  2020-01-31  18:00  CD6#混合样  2.889  0.651   0.008          0.025

[98 rows x 9 columns]
2020Mar22-00:44:22 root DEBUG               0      1        2      3      4       5 6  7         8
7    2020-01-01  18:00  CD6#混合样   4.06   1.25    0.21          0.052
10   2020-01-02  06:00  CD6#混合样  5.881  3.184   0.026          0.031
15   2020-01-03  06:00  CD3#混合样  3.799  1.535  0.1875        3.60767
16   2020-01-03  06:00  CD6#混合样  2.316  0.598   0.013        0.00769
18   2020-01-03  18:00  CD3#混合样   2.78   1.07   0.176           4.29
..          ...    ...      ...    ...    ...     ... .. ..      ...
169  2020-01-28  18:00  CD6#混合样   21.9  10.93  0.0069          0.004
171  2020-01-29  06:00  CD3#混合样  71.82  69.73   0.281           1.59
184  2020-01-31  06:00  CD6#混合样  8.326  3.122   0.018          0.017
186  2020-01-31  18:00  CD3#混合样   4.58  3.539   0.174          2.567
187  2020-01-31  18:00  CD6#混合样  2.889  0.651   0.008          0.025

[98 rows x 9 columns]
2020Mar22-00:45:47 root DEBUG               0      1        2      3      4       5 6  7         8
7    2020-01-01  18:00  CD6#混合样   4.06   1.25    0.21          0.052
10   2020-01-02  06:00  CD6#混合样  5.881  3.184   0.026          0.031
15   2020-01-03  06:00  CD3#混合样  3.799  1.535  0.1875        3.60767
16   2020-01-03  06:00  CD6#混合样  2.316  0.598   0.013        0.00769
18   2020-01-03  18:00  CD3#混合样   2.78   1.07   0.176           4.29
..          ...    ...      ...    ...    ...     ... .. ..      ...
169  2020-01-28  18:00  CD6#混合样   21.9  10.93  0.0069          0.004
171  2020-01-29  06:00  CD3#混合样  71.82  69.73   0.281           1.59
184  2020-01-31  06:00  CD6#混合样  8.326  3.122   0.018          0.017
186  2020-01-31  18:00  CD3#混合样   4.58  3.539   0.174          2.567
187  2020-01-31  18:00  CD6#混合样  2.889  0.651   0.008          0.025

[98 rows x 9 columns]
2020Mar22-00:46:41 root DEBUG <FileCreatedEvent: src_path='e:/cclasdir\\2020生物氧化表格.xlsx'>
2020Mar22-00:46:52 root DEBUG               0      1        2      3      4       5 6  7         8
7    2020-01-01  18:00  CD6#混合样   4.06   1.25    0.21          0.052
10   2020-01-02  06:00  CD6#混合样  5.881  3.184   0.026          0.031
15   2020-01-03  06:00  CD3#混合样  3.799  1.535  0.1875        3.60767
16   2020-01-03  06:00  CD6#混合样  2.316  0.598   0.013        0.00769
18   2020-01-03  18:00  CD3#混合样   2.78   1.07   0.176           4.29
..          ...    ...      ...    ...    ...     ... .. ..      ...
169  2020-01-28  18:00  CD6#混合样   21.9  10.93  0.0069          0.004
171  2020-01-29  06:00  CD3#混合样  71.82  69.73   0.281           1.59
184  2020-01-31  06:00  CD6#混合样  8.326  3.122   0.018          0.017
186  2020-01-31  18:00  CD3#混合样   4.58  3.539   0.174          2.567
187  2020-01-31  18:00  CD6#混合样  2.889  0.651   0.008          0.025

[98 rows x 9 columns]
2020Mar22-00:50:18 root DEBUG <FileCreatedEvent: src_path='e:/cclasdir\\2020生物氧化表格.xlsx'>
2020Mar22-00:50:28 root DEBUG <FileCreatedEvent: src_path='e:/cclasdir\\2020生物氧化表格.xlsx'>
2020Mar22-00:50:30 root DEBUG <FileCreatedEvent: src_path='e:/cclasdir\\2020生物氧化表格.xlsx'>
2020Mar22-00:50:32 root DEBUG <FileCreatedEvent: src_path='e:/cclasdir\\2020生物氧化表格.xlsx'>
2020Mar22-00:50:39 root DEBUG <FileCreatedEvent: src_path='e:/cclasdir\\2020生物氧化表格.xlsx'>
2020Mar22-00:50:48 root DEBUG <FileCreatedEvent: src_path='e:/cclasdir\\2020生物氧化表格.xlsx'>
2020Mar22-00:51:12 root DEBUG WatchDog Observer is startting.....
2020Mar22-00:51:12 root DEBUG patterns=['*2020*.XLSX']
2020Mar22-00:51:12 root DEBUG path=e:/cclasdir
2020Mar22-00:51:12 root DEBUG delay=0.1
2020Mar22-00:51:12 root DEBUG beep=True
2020Mar22-00:51:18 root DEBUG <FileCreatedEvent: src_path='e:/cclasdir\\2020生物氧化表格.xlsx'>
2020Mar22-00:51:20 root DEBUG <FileCreatedEvent: src_path='e:/cclasdir\\2020生物氧化表格.xlsx'>
2020Mar22-00:51:22 root DEBUG <FileCreatedEvent: src_path='e:/cclasdir\\2020生物氧化表格.xlsx'>
2020Mar22-00:51:30 root DEBUG <FileCreatedEvent: src_path='e:/cclasdir\\2020生物氧化表格.xlsx'>
2020Mar22-00:51:41 root DEBUG               0      1        2      3      4       5 6  7         8
7    2020-01-01  18:00  CD6#混合样   4.06   1.25    0.21          0.052
10   2020-01-02  06:00  CD6#混合样  5.881  3.184   0.026          0.031
15   2020-01-03  06:00  CD3#混合样  3.799  1.535  0.1875        3.60767
16   2020-01-03  06:00  CD6#混合样  2.316  0.598   0.013        0.00769
18   2020-01-03  18:00  CD3#混合样   2.78   1.07   0.176           4.29
..          ...    ...      ...    ...    ...     ... .. ..      ...
169  2020-01-28  18:00  CD6#混合样   21.9  10.93  0.0069          0.004
171  2020-01-29  06:00  CD3#混合样  71.82  69.73   0.281           1.59
184  2020-01-31  06:00  CD6#混合样  8.326  3.122   0.018          0.017
186  2020-01-31  18:00  CD3#混合样   4.58  3.539   0.174          2.567
187  2020-01-31  18:00  CD6#混合样  2.889  0.651   0.008          0.025

[98 rows x 9 columns]
2020Mar22-00:53:06 root DEBUG                      DATE   TIME SIMPLE_NAME    TCN  ...     AS SCN CN      HG
2              2020-01-01  06:00       给料混合样    382  ...  9.738         20.457
3              2020-01-01  06:00     CD3#混合样  51.52  ...  0.158          3.624
4              2020-01-01  06:00     CD6#混合样  2.836  ...  0.027          0.123
5              2020-01-01  18:00       给料混合样    245  ...  6.813         14.607
6              2020-01-01  18:00     CD3#混合样   78.1  ...  0.256          6.683
...                   ...    ...         ...    ...  ...    ...  .. ..     ...
2193  2020-12-31 00:00:00  06:00     CD3#混合样         ...                      
2194  2020-12-31 00:00:00  06:00     CD6#混合样         ...                      
2195  2020-12-31 00:00:00  18:00       给料混合样         ...                      
2196  2020-12-31 00:00:00  18:00     CD3#混合样         ...                      
2197  2020-12-31 00:00:00  18:00     CD6#混合样         ...                      

[4392 rows x 9 columns]
2020Mar22-00:55:30 root DEBUG               0      1        2      3      4       5    6    7        8
7    2020-01-01  18:00  CD6#混合样   4.06   1.25    0.21  NaN  NaN    0.052
10   2020-01-02  06:00  CD6#混合样  5.881  3.184   0.026  NaN  NaN    0.031
15   2020-01-03  06:00  CD3#混合样  3.799  1.535  0.1875  NaN  NaN  3.60767
16   2020-01-03  06:00  CD6#混合样  2.316  0.598   0.013  NaN  NaN  0.00769
18   2020-01-03  18:00  CD3#混合样   2.78   1.07   0.176  NaN  NaN     4.29
..          ...    ...      ...    ...    ...     ...  ...  ...      ...
169  2020-01-28  18:00  CD6#混合样   21.9  10.93  0.0069  NaN  NaN    0.004
171  2020-01-29  06:00  CD3#混合样  71.82  69.73   0.281  NaN  NaN     1.59
184  2020-01-31  06:00  CD6#混合样  8.326  3.122   0.018  NaN  NaN    0.017
186  2020-01-31  18:00  CD3#混合样   4.58  3.539   0.174  NaN  NaN    2.567
187  2020-01-31  18:00  CD6#混合样  2.889  0.651   0.008  NaN  NaN    0.025

[98 rows x 9 columns]
2020Mar22-01:06:10 root DEBUG <bound method DataFrame.isnull of                      DATE   TIME SIMPLE_NAME    TCN  ...     AS SCN NACN      HG
0              2020-01-01  06:00       给料混合样    382  ...  9.738           20.457
1              2020-01-01  06:00     CD3#混合样  51.52  ...  0.158            3.624
2              2020-01-01  06:00     CD6#混合样  2.836  ...  0.027            0.123
3              2020-01-01  18:00       给料混合样    245  ...  6.813           14.607
4              2020-01-01  18:00     CD3#混合样   78.1  ...  0.256            6.683
...                   ...    ...         ...    ...  ...    ...  ..  ...     ...
2191  2020-12-31 00:00:00  06:00     CD3#混合样         ...                        
2192  2020-12-31 00:00:00  06:00     CD6#混合样         ...                        
2193  2020-12-31 00:00:00  18:00       给料混合样         ...                        
2194  2020-12-31 00:00:00  18:00     CD3#混合样         ...                        
2195  2020-12-31 00:00:00  18:00     CD6#混合样         ...                        

[4392 rows x 9 columns]>
2020Mar22-01:06:50 root DEBUG <bound method DataFrame.isnull of                      DATE   TIME SIMPLE_NAME    TCN  ...     AS SCN NACN      HG
0              2020-01-01  06:00       给料混合样    382  ...  9.738           20.457
1              2020-01-01  06:00     CD3#混合样  51.52  ...  0.158            3.624
2              2020-01-01  06:00     CD6#混合样  2.836  ...  0.027            0.123
3              2020-01-01  18:00       给料混合样    245  ...  6.813           14.607
4              2020-01-01  18:00     CD3#混合样   78.1  ...  0.256            6.683
...                   ...    ...         ...    ...  ...    ...  ..  ...     ...
2191  2020-12-31 00:00:00  06:00     CD3#混合样         ...                        
2192  2020-12-31 00:00:00  06:00     CD6#混合样         ...                        
2193  2020-12-31 00:00:00  18:00       给料混合样         ...                        
2194  2020-12-31 00:00:00  18:00     CD3#混合样         ...                        
2195  2020-12-31 00:00:00  18:00     CD6#混合样         ...                        

[4392 rows x 9 columns]>
2020Mar22-01:07:20 root DEBUG                      DATE   TIME SIMPLE_NAME    TCN  ...     AS SCN NACN      HG
0              2020-01-01  06:00       给料混合样    382  ...  9.738           20.457
1              2020-01-01  06:00     CD3#混合样  51.52  ...  0.158            3.624
2              2020-01-01  06:00     CD6#混合样  2.836  ...  0.027            0.123
3              2020-01-01  18:00       给料混合样    245  ...  6.813           14.607
4              2020-01-01  18:00     CD3#混合样   78.1  ...  0.256            6.683
...                   ...    ...         ...    ...  ...    ...  ..  ...     ...
2191  2020-12-31 00:00:00  06:00     CD3#混合样         ...                        
2192  2020-12-31 00:00:00  06:00     CD6#混合样         ...                        
2193  2020-12-31 00:00:00  18:00       给料混合样         ...                        
2194  2020-12-31 00:00:00  18:00     CD3#混合样         ...                        
2195  2020-12-31 00:00:00  18:00     CD6#混合样         ...                        

[4392 rows x 9 columns]
2020Mar22-01:07:42 root DEBUG                      DATE   TIME SIMPLE_NAME    TCN  ...     AS SCN NACN      HG
0              2020-01-01  06:00       给料混合样    382  ...  9.738           20.457
1              2020-01-01  06:00     CD3#混合样  51.52  ...  0.158            3.624
2              2020-01-01  06:00     CD6#混合样  2.836  ...  0.027            0.123
3              2020-01-01  18:00       给料混合样    245  ...  6.813           14.607
4              2020-01-01  18:00     CD3#混合样   78.1  ...  0.256            6.683
...                   ...    ...         ...    ...  ...    ...  ..  ...     ...
2191  2020-12-31 00:00:00  06:00     CD3#混合样         ...                        
2192  2020-12-31 00:00:00  06:00     CD6#混合样         ...                        
2193  2020-12-31 00:00:00  18:00       给料混合样         ...                        
2194  2020-12-31 00:00:00  18:00     CD3#混合样         ...                        
2195  2020-12-31 00:00:00  18:00     CD6#混合样         ...                        

[4392 rows x 9 columns]
2020Mar22-01:07:57 root DEBUG               0      1        2      3      4       5 6  7         8
5    2020-01-01  18:00  CD6#混合样   4.06   1.25    0.21          0.052
8    2020-01-02  06:00  CD6#混合样  5.881  3.184   0.026          0.031
13   2020-01-03  06:00  CD3#混合样  3.799  1.535  0.1875        3.60767
14   2020-01-03  06:00  CD6#混合样  2.316  0.598   0.013        0.00769
16   2020-01-03  18:00  CD3#混合样   2.78   1.07   0.176           4.29
..          ...    ...      ...    ...    ...     ... .. ..      ...
167  2020-01-28  18:00  CD6#混合样   21.9  10.93  0.0069          0.004
169  2020-01-29  06:00  CD3#混合样  71.82  69.73   0.281           1.59
182  2020-01-31  06:00  CD6#混合样  8.326  3.122   0.018          0.017
184  2020-01-31  18:00  CD3#混合样   4.58  3.539   0.174          2.567
185  2020-01-31  18:00  CD6#混合样  2.889  0.651   0.008          0.025

[98 rows x 9 columns]
2020Mar22-01:08:45 root DEBUG Empty DataFrame
Columns: [0, 1, 2, 3, 4, 5, 6, 7, 8]
Index: []
2020Mar22-01:09:00 root DEBUG <bound method DataFrame.isnull of Empty DataFrame
Columns: [0, 1, 2, 3, 4, 5, 6, 7, 8]
Index: []>
2020Mar22-01:09:47 root DEBUG 0
2020Mar22-01:10:08 root DEBUG (0, 9)
2020Mar22-01:10:27 root DEBUG 0
2020Mar22-01:13:13 root DEBUG 4392
2020Mar22-01:50:19 root DEBUG 0
2020Mar22-01:50:56 root DEBUG <FileCreatedEvent: src_path='e:/cclasdir\\2020生物氧化表格.xlsx'>
2020Mar22-01:51:00 root DEBUG 0
2020Mar22-01:51:21 root DEBUG 0
2020Mar22-01:55:03 root DEBUG <FileCreatedEvent: src_path='e:/cclasdir\\2020生物氧化表格.xlsx'>
2020Mar22-01:55:07 root DEBUG <FileCreatedEvent: src_path='e:/cclasdir\\2020生物氧化表格.xlsx'>
2020Mar22-01:55:32 root DEBUG 0
2020Mar22-01:56:25 root DEBUG <FileCreatedEvent: src_path='e:/cclasdir\\2020生物氧化表格.xlsx'>
2020Mar22-01:56:39 root DEBUG 0
2020Mar22-01:58:43 root DEBUG 0
2020Mar22-01:59:17 root DEBUG <FileCreatedEvent: src_path='e:/cclasdir\\2020生物氧化表格.xlsx'>
2020Mar22-01:59:24 root DEBUG 0
2020Mar22-02:02:20 root DEBUG 102
2020Mar22-02:03:10 root DEBUG <FileCreatedEvent: src_path='e:/cclasdir\\2020生物氧化表格.xlsx'>
2020Mar22-02:06:04 root DEBUG <FileCreatedEvent: src_path='e:/cclasdir\\2020生物氧化表格.xlsx'>
2020Mar22-02:06:55 root DEBUG 100
2020Mar22-02:07:09 root DEBUG               0      1        2      3      4       5 6  7         8
1    2020-01-01  06:00  CD3#混合样  51.52  41.11   0.158              9
5    2020-01-01  18:00  CD6#混合样   4.06   1.25    0.21          0.052
8    2020-01-02  06:00  CD6#混合样  5.881  3.184   0.026          0.031
13   2020-01-03  06:00  CD3#混合样  3.799  1.535  0.1875        3.60767
14   2020-01-03  06:00  CD6#混合样  2.316  0.598   0.013        0.00769
..          ...    ...      ...    ...    ...     ... .. ..      ...
167  2020-01-28  18:00  CD6#混合样   21.9  10.93  0.0069          0.004
169  2020-01-29  06:00  CD3#混合样  71.82  69.73   0.281           1.59
182  2020-01-31  06:00  CD6#混合样  8.326  3.122   0.018          0.017
184  2020-01-31  18:00  CD3#混合样   4.58  3.539   0.174          2.567
185  2020-01-31  18:00  CD6#混合样  2.889  0.651   0.008          0.025

[100 rows x 9 columns]
2020Mar22-02:13:36 root DEBUG Empty DataFrame
Columns: [0, 1, 2, 3, 4, 5, 6, 7, 8]
Index: []
2020Mar22-02:13:49 root DEBUG <FileCreatedEvent: src_path='e:/cclasdir\\2020生物氧化表格.xlsx'>
2020Mar22-02:13:55 root DEBUG             0      1        2      3      4      5 6 7      8
1  2020-01-01  06:00  CD3#混合样  51.52  41.11  0.158      3.624
1  2020-01-01  06:00  CD3#混合样  51.52  41.11  0.158          9
2020Mar22-02:14:15 root DEBUG <FileCreatedEvent: src_path='e:/cclasdir\\2020生物氧化表格.xlsx'>
2020Mar22-02:14:19 root DEBUG             0      1        2      3      4      5  6 7      8
1  2020-01-01  06:00  CD3#混合样  51.52  41.11  0.158       3.624
2  2020-01-01  06:00  CD6#混合样  2.836  1.121  0.027       0.123
1  2020-01-01  06:00  CD3#混合样  51.52  41.11  0.158           9
2  2020-01-01  06:00  CD6#混合样  2.836  1.121  0.027  1    0.123
2020Mar22-02:15:01 root DEBUG             0      1        2      3      4      5  6 7      8
1  2020-01-01  06:00  CD3#混合样  51.52  41.11  0.158       3.624
2  2020-01-01  06:00  CD6#混合样  2.836  1.121  0.027       0.123
1  2020-01-01  06:00  CD3#混合样  51.52  41.11  0.158           9
2  2020-01-01  06:00  CD6#混合样  2.836  1.121  0.027  1    0.123
2020Mar22-02:15:34 root DEBUG             0      1        2      3      4      5 6 7      8
1  2020-01-01  06:00  CD3#混合样  51.52  41.11  0.158      3.624
2  2020-01-01  06:00  CD6#混合样  2.836  1.121  0.027      0.123
2020Mar22-02:15:53 root DEBUG <FileCreatedEvent: src_path='e:/cclasdir\\2020生物氧化表格.xlsx'>
2020Mar22-02:15:57 root DEBUG             0      1        2      3      4      5 6  7      8
1  2020-01-01  06:00  CD3#混合样  51.52  41.11  0.158    1  3.624
2  2020-01-01  06:00  CD6#混合样  2.836  1.121  0.027       0.123
2020Mar22-02:16:09 root DEBUG             0      1        2      3      4      5 6  7      8
1  2020-01-01  06:00  CD3#混合样  51.52  41.11  0.158    1  3.624
2  2020-01-01  06:00  CD6#混合样  2.836  1.121  0.027       0.123
2020Mar22-02:16:26 root DEBUG             0      1        2      3      4      5 6  7      8
1  2020-01-01  06:00  CD3#混合样  51.52  41.11  0.158    1  3.624
2  2020-01-01  06:00  CD6#混合样  2.836  1.121  0.027       0.123
2020Mar22-02:16:34 root DEBUG <FileCreatedEvent: src_path='e:/cclasdir\\2020生物氧化表格.xlsx'>
2020Mar22-02:16:38 root DEBUG             0      1        2      3      4      5 6  7      8
1  2020-01-01  06:00  CD3#混合样  51.52  41.11  0.158    1  3.624
2  2020-01-01  06:00  CD6#混合样  2.836  1.121  0.027    2  0.123
2020Mar22-02:16:57 root DEBUG             0      1        2      3      4      5 6  7      8
1  2020-01-01  06:00  CD3#混合样  51.52  41.11  0.158    1  3.624
2  2020-01-01  06:00  CD6#混合样  2.836  1.121  0.027    2  0.123
2020Mar22-02:17:03 root DEBUG <FileCreatedEvent: src_path='e:/cclasdir\\2020生物氧化表格.xlsx'>
2020Mar22-02:17:08 root DEBUG             0      1        2      3      4      5 6  7      8
1  2020-01-01  06:00  CD3#混合样  51.52  41.11  0.158    1  3.624
2  2020-01-01  06:00  CD6#混合样  2.836  1.121  0.027       0.123
2020Mar22-02:17:15 root DEBUG <FileCreatedEvent: src_path='e:/cclasdir\\2020生物氧化表格.xlsx'>
2020Mar22-02:17:19 root DEBUG             0      1        2      3      4      5 6 7      8
1  2020-01-01  06:00  CD3#混合样  51.52  41.11  0.158      3.624
2  2020-01-01  06:00  CD6#混合样  2.836  1.121  0.027      0.123
2020Mar22-02:17:38 root DEBUG <FileCreatedEvent: src_path='e:/cclasdir\\2020生物氧化表格.xlsx'>
2020Mar22-02:17:42 root DEBUG             0      1        2      3      4      5 6  7      8
1  2020-01-01  06:00  CD3#混合样  51.52  41.11  0.158    9  3.624
2  2020-01-01  06:00  CD6#混合样  2.836  1.121  0.027       0.123
2020Mar22-02:18:15 root DEBUG <FileCreatedEvent: src_path='e:/cclasdir\\2020生物氧化表格.xlsx'>
2020Mar22-02:18:22 root DEBUG               0      1        2      3      4      5 6  7      8
1    2020-01-01  06:00  CD3#混合样  51.52  41.11  0.158    9  3.624
2    2020-01-01  06:00  CD6#混合样  2.836  1.121  0.027       0.123
187  2020-02-01  06:00  CD3#混合样      1                          
2020Mar22-02:18:43 root DEBUG               0      1        2      3      4      5 6  7      8
1    2020-01-01  06:00  CD3#混合样  51.52  41.11  0.158    9  3.624
2    2020-01-01  06:00  CD6#混合样  2.836  1.121  0.027       0.123
187  2020-02-01  06:00  CD3#混合样      1                          
2020Mar22-02:18:49 root DEBUG <FileCreatedEvent: src_path='e:/cclasdir\\2020生物氧化表格.xlsx'>
2020Mar22-02:18:53 root DEBUG               0      1        2      3      4      5 6  7      8
1    2020-01-01  06:00  CD3#混合样  51.52  41.11  0.158    9  3.624
2    2020-01-01  06:00  CD6#混合样  2.836  1.121  0.027       0.123
187  2020-02-01  06:00  CD3#混合样      1      2                   
2020Mar22-02:33:18 root DEBUG <FileCreatedEvent: src_path='e:/cclasdir\\2020生物氧化表格.xlsx'>
2020Mar22-02:37:00 root DEBUG <FileCreatedEvent: src_path='e:/cclasdir\\2020生物氧化表格.xlsx'>
2020Mar22-02:37:34 root DEBUG <FileCreatedEvent: src_path='e:/cclasdir\\2020生物氧化表格.xlsx'>
2020Mar22-02:38:21 root DEBUG <FileCreatedEvent: src_path='e:/cclasdir\\2020生物氧化表格.xlsx'>
2020Mar22-02:41:12 root DEBUG <FileCreatedEvent: src_path='e:/cclasdir\\2020生物氧化表格.xlsx'>
2020Mar22-02:42:10 root DEBUG <FileCreatedEvent: src_path='e:/cclasdir\\2020生物氧化表格.xlsx'>
2020Mar22-02:43:23 root DEBUG <FileCreatedEvent: src_path='e:/cclasdir\\2020生物氧化表格.xlsx'>
2020Mar22-02:44:08 root DEBUG <FileCreatedEvent: src_path='e:/cclasdir\\2020生物氧化表格.xlsx'>
2020Mar22-02:44:23 root DEBUG <FileCreatedEvent: src_path='e:/cclasdir\\2020生物氧化表格.xlsx'>
2020Mar22-02:47:29 root DEBUG <FileCreatedEvent: src_path='e:/cclasdir\\2020生物氧化表格.xlsx'>
2020Mar22-02:49:31 root DEBUG <FileCreatedEvent: src_path='e:/cclasdir\\2020生物氧化表格.xlsx'>
2020Mar22-02:50:38 root DEBUG <FileCreatedEvent: src_path='e:/cclasdir\\2020生物氧化表格.xlsx'>
2020Mar22-02:53:30 root DEBUG <FileCreatedEvent: src_path='e:/cclasdir\\2020生物氧化表格.xlsx'>
2020Mar22-03:09:56 root DEBUG WatchDog Observer is startting.....
2020Mar22-03:09:56 root DEBUG patterns=['*2020*.XLSX']
2020Mar22-03:09:56 root DEBUG path=e:/cclasdir
2020Mar22-03:09:56 root DEBUG delay=0.1
2020Mar22-03:09:56 root DEBUG beep=True
2020Mar22-03:11:45 root DEBUG WatchDog Observer is startting.....
2020Mar22-03:11:45 root DEBUG patterns=['*2020*.XLSX']
2020Mar22-03:11:45 root DEBUG path=e:/cclasdir
2020Mar22-03:11:45 root DEBUG delay=0.1
2020Mar22-03:11:45 root DEBUG beep=True
2020Mar22-03:13:12 root DEBUG WatchDog Observer is startting.....
2020Mar22-03:13:12 root DEBUG patterns=['*2020*.XLSX']
2020Mar22-03:13:12 root DEBUG path=e:/cclasdir
2020Mar22-03:13:12 root DEBUG delay=0.1
2020Mar22-03:13:12 root DEBUG beep=True
2020Mar22-03:13:47 root DEBUG <FileCreatedEvent: src_path='e:/cclasdir\\2020生物氧化表格.xlsx'>
2020Mar22-03:15:11 root DEBUG WatchDog Observer is startting.....
2020Mar22-03:15:11 root DEBUG patterns=['*2020*.XLSX']
2020Mar22-03:15:11 root DEBUG path=e:/cclasdir
2020Mar22-03:15:11 root DEBUG delay=0.1
2020Mar22-03:15:11 root DEBUG beep=True
2020Mar22-03:17:45 root DEBUG <FileCreatedEvent: src_path='e:/cclasdir\\2020生物氧化表格.xlsx'>
2020Mar22-03:19:19 root DEBUG <FileCreatedEvent: src_path='e:/cclasdir\\2020生物氧化表格.xlsx'>
2020Mar22-03:19:27 root DEBUG <FileCreatedEvent: src_path='e:/cclasdir\\2020生物氧化表格.xlsx'>
2020Mar22-09:20:32 root DEBUG WatchDog Observer is startting.....
2020Mar22-09:20:32 root DEBUG patterns=['*2020*.XLSX']
2020Mar22-09:20:32 root DEBUG path=e:/cclasdir
2020Mar22-09:20:32 root DEBUG delay=0.1
2020Mar22-09:20:32 root DEBUG beep=True
2020Mar22-09:20:47 root DEBUG WatchDog Observer is startting.....
2020Mar22-09:20:47 root DEBUG patterns=['*2020*.XLSX']
2020Mar22-09:20:47 root DEBUG path=e:/cclasdir
2020Mar22-09:20:47 root DEBUG delay=0.01
2020Mar22-09:20:47 root DEBUG beep=True
2020Mar22-09:21:58 root DEBUG <FileCreatedEvent: src_path='e:/cclasdir\\2020生物氧化表格.xlsx'>
